[0.524s] Invoking command in '/home/yushutian/ws01_plumbing/src/py01_topic': AMENT_PREFIX_PATH=/home/yushutian/ws01_plumbing/install/base_interfaces_demo:${AMENT_PREFIX_PATH} CMAKE_PREFIX_PATH=/home/yushutian/ws01_plumbing/install/base_interfaces_demo:${CMAKE_PREFIX_PATH} DEBUGINFOD_URLS=https://debuginfod.ubuntu.com PYTHONPATH=/home/yushutian/ws01_plumbing/build/py01_topic/prefix_override:/usr/lib/python3/dist-packages/colcon_core/task/python/colcon_distutils_commands:/home/yushutian/ws01_plumbing/install/py01_topic/lib/python3.12/site-packages:${PYTHONPATH} /usr/bin/python3 -W ignore:setup.py install is deprecated -W ignore:easy_install command is deprecated setup.py egg_info --egg-base ../../build/py01_topic build --build-base /home/yushutian/ws01_plumbing/build/py01_topic/build install --record /home/yushutian/ws01_plumbing/build/py01_topic/install.log --single-version-externally-managed install_data
[0.696s] running egg_info
[0.706s] writing ../../build/py01_topic/py01_topic.egg-info/PKG-INFO
[0.706s] writing dependency_links to ../../build/py01_topic/py01_topic.egg-info/dependency_links.txt
[0.706s] writing entry points to ../../build/py01_topic/py01_topic.egg-info/entry_points.txt
[0.706s] writing requirements to ../../build/py01_topic/py01_topic.egg-info/requires.txt
[0.706s] writing top-level names to ../../build/py01_topic/py01_topic.egg-info/top_level.txt
[0.727s] reading manifest file '../../build/py01_topic/py01_topic.egg-info/SOURCES.txt'
[0.728s] writing manifest file '../../build/py01_topic/py01_topic.egg-info/SOURCES.txt'
[0.728s] running build
[0.729s] running build_py
[0.729s] running install
[0.733s] running install_lib
[0.744s] running install_data
[0.744s] running install_egg_info
[0.755s] removing '/home/yushutian/ws01_plumbing/install/py01_topic/lib/python3.12/site-packages/py01_topic-0.0.0-py3.12.egg-info' (and everything under it)
[0.755s] Copying ../../build/py01_topic/py01_topic.egg-info to /home/yushutian/ws01_plumbing/install/py01_topic/lib/python3.12/site-packages/py01_topic-0.0.0-py3.12.egg-info
[0.756s] running install_scripts
[0.832s] Installing demo01_talker_str_py script to /home/yushutian/ws01_plumbing/install/py01_topic/lib/py01_topic
[0.833s] writing list of installed files to '/home/yushutian/ws01_plumbing/build/py01_topic/install.log'
[0.852s] Invoked command in '/home/yushutian/ws01_plumbing/src/py01_topic' returned '0': AMENT_PREFIX_PATH=/home/yushutian/ws01_plumbing/install/base_interfaces_demo:${AMENT_PREFIX_PATH} CMAKE_PREFIX_PATH=/home/yushutian/ws01_plumbing/install/base_interfaces_demo:${CMAKE_PREFIX_PATH} DEBUGINFOD_URLS=https://debuginfod.ubuntu.com PYTHONPATH=/home/yushutian/ws01_plumbing/build/py01_topic/prefix_override:/usr/lib/python3/dist-packages/colcon_core/task/python/colcon_distutils_commands:/home/yushutian/ws01_plumbing/install/py01_topic/lib/python3.12/site-packages:${PYTHONPATH} /usr/bin/python3 -W ignore:setup.py install is deprecated -W ignore:easy_install command is deprecated setup.py egg_info --egg-base ../../build/py01_topic build --build-base /home/yushutian/ws01_plumbing/build/py01_topic/build install --record /home/yushutian/ws01_plumbing/build/py01_topic/install.log --single-version-externally-managed install_data
