[0.007s] Invoking command in '/home/yushutian/ws01_plumbing/src/build/cpp06_urdf': CMAKE_PREFIX_PATH=${CMAKE_PREFIX_PATH}:/opt/ros/jazzy DEBUGINFOD_URLS=https://debuginfod.ubuntu.com /usr/bin/cmake /home/yushutian/ws01_plumbing/src/cpp06_urdf -DPYTHON_EXECUTABLE=/usr/bin/python3 -DPYTHON_INCLUDE_DIR=/usr/include/python3.12 -DPYTHON_LIBRARY=/usr/lib/x86_64-linux-gnu/libpython3.12.so -DCMAKE_INSTALL_PREFIX=/home/yushutian/ws01_plumbing/src/install/cpp06_urdf
[0.070s] -- The C compiler identification is GNU 13.3.0
[0.140s] -- The CXX compiler identification is GNU 13.3.0
[0.165s] -- Detecting C compiler ABI info
[0.288s] -- Detecting C compiler ABI info - done
[0.301s] -- Check for working C compiler: /usr/bin/cc - skipped
[0.301s] -- Detecting C compile features
[0.302s] -- Detecting C compile features - done
[0.315s] -- Detecting CXX compiler ABI info
[0.438s] -- Detecting CXX compiler ABI info - done
[0.445s] -- Check for working CXX compiler: /usr/bin/c++ - skipped
[0.445s] -- Detecting CXX compile features
[0.445s] -- Detecting CXX compile features - done
[0.447s] -- Found ament_cmake: 2.5.5 (/opt/ros/jazzy/share/ament_cmake/cmake)
[0.574s] -- Found Python3: /usr/bin/python3 (found version "3.12.3") found components: Interpreter 
[0.652s] -- Found ament_lint_auto: 0.17.4 (/opt/ros/jazzy/share/ament_lint_auto/cmake)
[0.727s] -- Added test 'flake8' to check Python code syntax and style conventions
[0.727s] -- Configured 'flake8' exclude dirs and/or files: 
[0.727s] -- Added test 'lint_cmake' to check CMake code style
[0.728s] -- Added test 'pep257' to check Python code against some of the docstring style conventions in PEP 257
[0.729s] -- Added test 'xmllint' to check XML markup files
[0.730s] -- Configuring done (0.7s)
[0.732s] -- Generating done (0.0s)
[0.732s] [33mCMake Warning:
[0.732s]   Manually-specified variables were not used by the project:
[0.732s] 
[0.732s]     PYTHON_EXECUTABLE
[0.732s]     PYTHON_INCLUDE_DIR
[0.732s]     PYTHON_LIBRARY
[0.732s] 
[0.732s] [0m
[0.733s] -- Build files have been written to: /home/yushutian/ws01_plumbing/src/build/cpp06_urdf
[0.737s] Invoked command in '/home/yushutian/ws01_plumbing/src/build/cpp06_urdf' returned '0': CMAKE_PREFIX_PATH=${CMAKE_PREFIX_PATH}:/opt/ros/jazzy DEBUGINFOD_URLS=https://debuginfod.ubuntu.com /usr/bin/cmake /home/yushutian/ws01_plumbing/src/cpp06_urdf -DPYTHON_EXECUTABLE=/usr/bin/python3 -DPYTHON_INCLUDE_DIR=/usr/include/python3.12 -DPYTHON_LIBRARY=/usr/lib/x86_64-linux-gnu/libpython3.12.so -DCMAKE_INSTALL_PREFIX=/home/yushutian/ws01_plumbing/src/install/cpp06_urdf
[0.737s] Invoking command in '/home/yushutian/ws01_plumbing/src/build/cpp06_urdf': CMAKE_PREFIX_PATH=${CMAKE_PREFIX_PATH}:/opt/ros/jazzy DEBUGINFOD_URLS=https://debuginfod.ubuntu.com /usr/bin/cmake --build /home/yushutian/ws01_plumbing/src/build/cpp06_urdf -- -j32 -l32
[0.769s] Invoked command in '/home/yushutian/ws01_plumbing/src/build/cpp06_urdf' returned '0': CMAKE_PREFIX_PATH=${CMAKE_PREFIX_PATH}:/opt/ros/jazzy DEBUGINFOD_URLS=https://debuginfod.ubuntu.com /usr/bin/cmake --build /home/yushutian/ws01_plumbing/src/build/cpp06_urdf -- -j32 -l32
[0.780s] Invoking command in '/home/yushutian/ws01_plumbing/src/build/cpp06_urdf': CMAKE_PREFIX_PATH=${CMAKE_PREFIX_PATH}:/opt/ros/jazzy DEBUGINFOD_URLS=https://debuginfod.ubuntu.com /usr/bin/cmake --install /home/yushutian/ws01_plumbing/src/build/cpp06_urdf
[0.786s] -- Install configuration: ""
[0.786s] -- Installing: /home/yushutian/ws01_plumbing/src/install/cpp06_urdf/share/cpp06_urdf/launch
[0.786s] -- Installing: /home/yushutian/ws01_plumbing/src/install/cpp06_urdf/share/cpp06_urdf/launch/display.launch.py
[0.786s] -- Installing: /home/yushutian/ws01_plumbing/src/install/cpp06_urdf/share/cpp06_urdf/rviz
[0.786s] -- Installing: /home/yushutian/ws01_plumbing/src/install/cpp06_urdf/share/cpp06_urdf/urdf
[0.786s] -- Installing: /home/yushutian/ws01_plumbing/src/install/cpp06_urdf/share/cpp06_urdf/urdf/urdf
[0.786s] -- Installing: /home/yushutian/ws01_plumbing/src/install/cpp06_urdf/share/cpp06_urdf/urdf/urdf/demo02_link.urdf
[0.786s] -- Installing: /home/yushutian/ws01_plumbing/src/install/cpp06_urdf/share/cpp06_urdf/urdf/xacro
[0.786s] -- Installing: /home/yushutian/ws01_plumbing/src/install/cpp06_urdf/share/cpp06_urdf/meshes
[0.786s] -- Installing: /home/yushutian/ws01_plumbing/src/install/cpp06_urdf/share/cpp06_urdf/meshes/LF_Link_1.STL
[0.788s] -- Installing: /home/yushutian/ws01_plumbing/src/install/cpp06_urdf/share/cpp06_urdf/meshes/RB_Link_3.STL
[0.788s] -- Installing: /home/yushutian/ws01_plumbing/src/install/cpp06_urdf/share/cpp06_urdf/meshes/LB_Link_2.STL
[0.789s] -- Installing: /home/yushutian/ws01_plumbing/src/install/cpp06_urdf/share/cpp06_urdf/meshes/RB_Link_1.STL
[0.791s] -- Installing: /home/yushutian/ws01_plumbing/src/install/cpp06_urdf/share/cpp06_urdf/meshes/RB_Link_2.STL
[0.792s] -- Installing: /home/yushutian/ws01_plumbing/src/install/cpp06_urdf/share/cpp06_urdf/meshes/RF_Link_3.STL
[0.792s] -- Installing: /home/yushutian/ws01_plumbing/src/install/cpp06_urdf/share/cpp06_urdf/meshes/LB_Link_3.STL
[0.792s] -- Installing: /home/yushutian/ws01_plumbing/src/install/cpp06_urdf/share/cpp06_urdf/meshes/RF_Link_2.STL
[0.793s] -- Installing: /home/yushutian/ws01_plumbing/src/install/cpp06_urdf/share/cpp06_urdf/meshes/RF_Link_1.STL
[0.795s] -- Installing: /home/yushutian/ws01_plumbing/src/install/cpp06_urdf/share/cpp06_urdf/meshes/Camera_Link.STL
[0.795s] -- Installing: /home/yushutian/ws01_plumbing/src/install/cpp06_urdf/share/cpp06_urdf/meshes/LF_Link_3.STL
[0.795s] -- Installing: /home/yushutian/ws01_plumbing/src/install/cpp06_urdf/share/cpp06_urdf/meshes/LF_Link_2.STL
[0.796s] -- Installing: /home/yushutian/ws01_plumbing/src/install/cpp06_urdf/share/cpp06_urdf/meshes/base_link.STL
[0.796s] -- Installing: /home/yushutian/ws01_plumbing/src/install/cpp06_urdf/share/cpp06_urdf/meshes/LB_Link_1.STL
[0.798s] -- Installing: /home/yushutian/ws01_plumbing/src/install/cpp06_urdf/share/cpp06_urdf/meshes/Radar_Link.STL
[0.799s] -- Installing: /home/yushutian/ws01_plumbing/src/install/cpp06_urdf/share/ament_index/resource_index/package_run_dependencies/cpp06_urdf
[0.800s] -- Installing: /home/yushutian/ws01_plumbing/src/install/cpp06_urdf/share/ament_index/resource_index/parent_prefix_path/cpp06_urdf
[0.800s] -- Installing: /home/yushutian/ws01_plumbing/src/install/cpp06_urdf/share/cpp06_urdf/environment/ament_prefix_path.sh
[0.800s] -- Installing: /home/yushutian/ws01_plumbing/src/install/cpp06_urdf/share/cpp06_urdf/environment/ament_prefix_path.dsv
[0.800s] -- Installing: /home/yushutian/ws01_plumbing/src/install/cpp06_urdf/share/cpp06_urdf/environment/path.sh
[0.800s] -- Installing: /home/yushutian/ws01_plumbing/src/install/cpp06_urdf/share/cpp06_urdf/environment/path.dsv
[0.800s] -- Installing: /home/yushutian/ws01_plumbing/src/install/cpp06_urdf/share/cpp06_urdf/local_setup.bash
[0.800s] -- Installing: /home/yushutian/ws01_plumbing/src/install/cpp06_urdf/share/cpp06_urdf/local_setup.sh
[0.800s] -- Installing: /home/yushutian/ws01_plumbing/src/install/cpp06_urdf/share/cpp06_urdf/local_setup.zsh
[0.800s] -- Installing: /home/yushutian/ws01_plumbing/src/install/cpp06_urdf/share/cpp06_urdf/local_setup.dsv
[0.800s] -- Installing: /home/yushutian/ws01_plumbing/src/install/cpp06_urdf/share/cpp06_urdf/package.dsv
[0.800s] -- Installing: /home/yushutian/ws01_plumbing/src/install/cpp06_urdf/share/ament_index/resource_index/packages/cpp06_urdf
[0.800s] -- Installing: /home/yushutian/ws01_plumbing/src/install/cpp06_urdf/share/cpp06_urdf/cmake/cpp06_urdfConfig.cmake
[0.800s] -- Installing: /home/yushutian/ws01_plumbing/src/install/cpp06_urdf/share/cpp06_urdf/cmake/cpp06_urdfConfig-version.cmake
[0.800s] -- Installing: /home/yushutian/ws01_plumbing/src/install/cpp06_urdf/share/cpp06_urdf/package.xml
[0.801s] Invoked command in '/home/yushutian/ws01_plumbing/src/build/cpp06_urdf' returned '0': CMAKE_PREFIX_PATH=${CMAKE_PREFIX_PATH}:/opt/ros/jazzy DEBUGINFOD_URLS=https://debuginfod.ubuntu.com /usr/bin/cmake --install /home/yushutian/ws01_plumbing/src/build/cpp06_urdf
