[0.009s] Invoking command in '/home/yushutian/ws01_plumbing/build/cpp_pub': CMAKE_PREFIX_PATH=/home/yushutian/ws01_plumbing/install/base_interfaces_demo:/home/yushutian/ws01_plumbing/install/cpp01_topic:/opt/ros/jazzy/opt/gz_math_vendor:/opt/ros/jazzy/opt/gz_utils_vendor:/opt/ros/jazzy/opt/gz_cmake_vendor:/home/yushutian/ws01_plumbing/install/py01_topic:/opt/ros/jazzy DEBUGINFOD_URLS=https://debuginfod.ubuntu.com /usr/bin/cmake /home/yushutian/ws01_plumbing/cpp_pub -DPYTHON_EXECUTABLE=/usr/bin/python3 -DPYTHON_INCLUDE_DIR=/usr/include/python3.12 -DPYTHON_LIBRARY=/usr/lib/x86_64-linux-gnu/libpython3.12.so -DCMAKE_INSTALL_PREFIX=/home/yushutian/ws01_plumbing/install/cpp_pub
[0.068s] -- The C compiler identification is GNU 13.3.0
[0.121s] -- The CXX compiler identification is GNU 13.3.0
[0.136s] -- Detecting C compiler ABI info
[0.206s] -- Detecting C compiler ABI info - done
[0.218s] -- Check for working C compiler: /usr/bin/cc - skipped
[0.218s] -- Detecting C compile features
[0.219s] -- Detecting C compile features - done
[0.228s] -- Detecting CXX compiler ABI info
[0.306s] -- Detecting CXX compiler ABI info - done
[0.318s] -- Check for working CXX compiler: /usr/bin/c++ - skipped
[0.319s] -- Detecting CXX compile features
[0.319s] -- Detecting CXX compile features - done
[0.321s] -- Found ament_cmake: 2.5.5 (/opt/ros/jazzy/share/ament_cmake/cmake)
[0.439s] -- Found Python3: /usr/bin/python3 (found version "3.12.3") found components: Interpreter 
[0.520s] -- Found rclcpp: 28.1.16 (/opt/ros/jazzy/share/rclcpp/cmake)
[0.547s] -- Found rosidl_generator_c: 4.6.7 (/opt/ros/jazzy/share/rosidl_generator_c/cmake)
[0.556s] -- Found rosidl_generator_cpp: 4.6.7 (/opt/ros/jazzy/share/rosidl_generator_cpp/cmake)
[0.567s] -- Using all available rosidl_typesupport_c: rosidl_typesupport_fastrtps_c;rosidl_typesupport_introspection_c
[0.579s] -- Using all available rosidl_typesupport_cpp: rosidl_typesupport_fastrtps_cpp;rosidl_typesupport_introspection_cpp
[0.639s] -- Found rmw_implementation_cmake: 7.3.3 (/opt/ros/jazzy/share/rmw_implementation_cmake/cmake)
[0.641s] -- Found rmw_fastrtps_cpp: 8.4.3 (/opt/ros/jazzy/share/rmw_fastrtps_cpp/cmake)
[0.708s] -- Found OpenSSL: /usr/lib/x86_64-linux-gnu/libcrypto.so (found version "3.0.13")  
[0.728s] -- Found FastRTPS: /opt/ros/jazzy/include (Required is at least version "2.13") 
[0.751s] -- Using RMW implementation 'rmw_fastrtps_cpp' as default
[0.803s] -- Found base_interfaces_demo: 0.0.0 (/home/yushutian/ws01_plumbing/install/base_interfaces_demo/share/base_interfaces_demo/cmake)
[0.811s] -- Found ament_lint_auto: 0.17.4 (/opt/ros/jazzy/share/ament_lint_auto/cmake)
[0.885s] -- Added test 'cppcheck' to perform static code analysis on C / C++ code
[0.885s] -- Configured cppcheck include dirs: 
[0.885s] -- Configured cppcheck exclude dirs and/or files: 
[0.886s] -- Added test 'lint_cmake' to check CMake code style
[0.886s] -- Added test 'uncrustify' to check C / C++ code style
[0.887s] -- Configured uncrustify additional arguments: 
[0.887s] -- Added test 'xmllint' to check XML markup files
[0.888s] -- Configuring done (0.9s)
[0.892s] -- Generating done (0.0s)
[0.893s] [33mCMake Warning:
[0.893s]   Manually-specified variables were not used by the project:
[0.893s] 
[0.893s]     PYTHON_EXECUTABLE
[0.893s]     PYTHON_INCLUDE_DIR
[0.893s]     PYTHON_LIBRARY
[0.893s] 
[0.893s] [0m
[0.894s] -- Build files have been written to: /home/yushutian/ws01_plumbing/build/cpp_pub
[0.900s] Invoked command in '/home/yushutian/ws01_plumbing/build/cpp_pub' returned '0': CMAKE_PREFIX_PATH=/home/yushutian/ws01_plumbing/install/base_interfaces_demo:/home/yushutian/ws01_plumbing/install/cpp01_topic:/opt/ros/jazzy/opt/gz_math_vendor:/opt/ros/jazzy/opt/gz_utils_vendor:/opt/ros/jazzy/opt/gz_cmake_vendor:/home/yushutian/ws01_plumbing/install/py01_topic:/opt/ros/jazzy DEBUGINFOD_URLS=https://debuginfod.ubuntu.com /usr/bin/cmake /home/yushutian/ws01_plumbing/cpp_pub -DPYTHON_EXECUTABLE=/usr/bin/python3 -DPYTHON_INCLUDE_DIR=/usr/include/python3.12 -DPYTHON_LIBRARY=/usr/lib/x86_64-linux-gnu/libpython3.12.so -DCMAKE_INSTALL_PREFIX=/home/yushutian/ws01_plumbing/install/cpp_pub
[0.901s] Invoking command in '/home/yushutian/ws01_plumbing/build/cpp_pub': CMAKE_PREFIX_PATH=/home/yushutian/ws01_plumbing/install/base_interfaces_demo:/home/yushutian/ws01_plumbing/install/cpp01_topic:/opt/ros/jazzy/opt/gz_math_vendor:/opt/ros/jazzy/opt/gz_utils_vendor:/opt/ros/jazzy/opt/gz_cmake_vendor:/home/yushutian/ws01_plumbing/install/py01_topic:/opt/ros/jazzy DEBUGINFOD_URLS=https://debuginfod.ubuntu.com /usr/bin/cmake --build /home/yushutian/ws01_plumbing/build/cpp_pub -- -j32 -l32
[0.939s] Invoked command in '/home/yushutian/ws01_plumbing/build/cpp_pub' returned '0': CMAKE_PREFIX_PATH=/home/yushutian/ws01_plumbing/install/base_interfaces_demo:/home/yushutian/ws01_plumbing/install/cpp01_topic:/opt/ros/jazzy/opt/gz_math_vendor:/opt/ros/jazzy/opt/gz_utils_vendor:/opt/ros/jazzy/opt/gz_cmake_vendor:/home/yushutian/ws01_plumbing/install/py01_topic:/opt/ros/jazzy DEBUGINFOD_URLS=https://debuginfod.ubuntu.com /usr/bin/cmake --build /home/yushutian/ws01_plumbing/build/cpp_pub -- -j32 -l32
[0.940s] Invoking command in '/home/yushutian/ws01_plumbing/build/cpp_pub': CMAKE_PREFIX_PATH=/home/yushutian/ws01_plumbing/install/base_interfaces_demo:/home/yushutian/ws01_plumbing/install/cpp01_topic:/opt/ros/jazzy/opt/gz_math_vendor:/opt/ros/jazzy/opt/gz_utils_vendor:/opt/ros/jazzy/opt/gz_cmake_vendor:/home/yushutian/ws01_plumbing/install/py01_topic:/opt/ros/jazzy DEBUGINFOD_URLS=https://debuginfod.ubuntu.com /usr/bin/cmake --install /home/yushutian/ws01_plumbing/build/cpp_pub
[0.946s] -- Install configuration: ""
[0.946s] -- Installing: /home/yushutian/ws01_plumbing/install/cpp_pub/share/ament_index/resource_index/package_run_dependencies/cpp_pub
[0.946s] -- Installing: /home/yushutian/ws01_plumbing/install/cpp_pub/share/ament_index/resource_index/parent_prefix_path/cpp_pub
[0.946s] -- Installing: /home/yushutian/ws01_plumbing/install/cpp_pub/share/cpp_pub/environment/ament_prefix_path.sh
[0.946s] -- Installing: /home/yushutian/ws01_plumbing/install/cpp_pub/share/cpp_pub/environment/ament_prefix_path.dsv
[0.946s] -- Installing: /home/yushutian/ws01_plumbing/install/cpp_pub/share/cpp_pub/environment/path.sh
[0.947s] -- Installing: /home/yushutian/ws01_plumbing/install/cpp_pub/share/cpp_pub/environment/path.dsv
[0.947s] -- Installing: /home/yushutian/ws01_plumbing/install/cpp_pub/share/cpp_pub/local_setup.bash
[0.947s] -- Installing: /home/yushutian/ws01_plumbing/install/cpp_pub/share/cpp_pub/local_setup.sh
[0.947s] -- Installing: /home/yushutian/ws01_plumbing/install/cpp_pub/share/cpp_pub/local_setup.zsh
[0.947s] -- Installing: /home/yushutian/ws01_plumbing/install/cpp_pub/share/cpp_pub/local_setup.dsv
[0.947s] -- Installing: /home/yushutian/ws01_plumbing/install/cpp_pub/share/cpp_pub/package.dsv
[0.947s] -- Installing: /home/yushutian/ws01_plumbing/install/cpp_pub/share/ament_index/resource_index/packages/cpp_pub
[0.947s] -- Installing: /home/yushutian/ws01_plumbing/install/cpp_pub/share/cpp_pub/cmake/cpp_pubConfig.cmake
[0.947s] -- Installing: /home/yushutian/ws01_plumbing/install/cpp_pub/share/cpp_pub/cmake/cpp_pubConfig-version.cmake
[0.947s] -- Installing: /home/yushutian/ws01_plumbing/install/cpp_pub/share/cpp_pub/package.xml
[0.949s] Invoked command in '/home/yushutian/ws01_plumbing/build/cpp_pub' returned '0': CMAKE_PREFIX_PATH=/home/yushutian/ws01_plumbing/install/base_interfaces_demo:/home/yushutian/ws01_plumbing/install/cpp01_topic:/opt/ros/jazzy/opt/gz_math_vendor:/opt/ros/jazzy/opt/gz_utils_vendor:/opt/ros/jazzy/opt/gz_cmake_vendor:/home/yushutian/ws01_plumbing/install/py01_topic:/opt/ros/jazzy DEBUGINFOD_URLS=https://debuginfod.ubuntu.com /usr/bin/cmake --install /home/yushutian/ws01_plumbing/build/cpp_pub
