[0.008s] Invoking command in '/home/yushutian/ws01_plumbing/build/cpp06_urdf': CMAKE_PREFIX_PATH=${CMAKE_PREFIX_PATH}:/opt/ros/jazzy DEBUGINFOD_URLS=https://debuginfod.ubuntu.com /usr/bin/cmake /home/yushutian/ws01_plumbing/src/cpp06_urdf -DPYTHON_EXECUTABLE=/usr/bin/python3 -DPYTHON_INCLUDE_DIR=/usr/include/python3.12 -DPYTHON_LIBRARY=/usr/lib/x86_64-linux-gnu/libpython3.12.so -DCMAKE_INSTALL_PREFIX=/home/yushutian/ws01_plumbing/install/cpp06_urdf
[0.109s] -- The C compiler identification is GNU 13.3.0
[0.202s] -- The CXX compiler identification is GNU 13.3.0
[0.222s] -- Detecting C compiler ABI info
[0.347s] -- Detecting C compiler ABI info - done
[0.361s] -- Check for working C compiler: /usr/bin/cc - skipped
[0.362s] -- Detecting C compile features
[0.363s] -- Detecting C compile features - done
[0.379s] -- Detecting CXX compiler ABI info
[0.498s] -- Detecting CXX compiler ABI info - done
[0.505s] -- Check for working CXX compiler: /usr/bin/c++ - skipped
[0.505s] -- Detecting CXX compile features
[0.505s] -- Detecting CXX compile features - done
[0.508s] -- Found ament_cmake: 2.5.5 (/opt/ros/jazzy/share/ament_cmake/cmake)
[0.634s] -- Found Python3: /usr/bin/python3 (found version "3.12.3") found components: Interpreter 
[0.726s] -- Found ament_lint_auto: 0.17.4 (/opt/ros/jazzy/share/ament_lint_auto/cmake)
[0.801s] -- Added test 'lint_cmake' to check CMake code style
[0.802s] -- Added test 'xmllint' to check XML markup files
[0.803s] -- Configuring done (0.8s)
[0.805s] -- Generating done (0.0s)
[0.805s] [33mCMake Warning:
[0.805s]   Manually-specified variables were not used by the project:
[0.806s] 
[0.806s]     PYTHON_EXECUTABLE
[0.806s]     PYTHON_INCLUDE_DIR
[0.806s]     PYTHON_LIBRARY
[0.806s] 
[0.806s] [0m
[0.807s] -- Build files have been written to: /home/yushutian/ws01_plumbing/build/cpp06_urdf
[0.812s] Invoked command in '/home/yushutian/ws01_plumbing/build/cpp06_urdf' returned '0': CMAKE_PREFIX_PATH=${CMAKE_PREFIX_PATH}:/opt/ros/jazzy DEBUGINFOD_URLS=https://debuginfod.ubuntu.com /usr/bin/cmake /home/yushutian/ws01_plumbing/src/cpp06_urdf -DPYTHON_EXECUTABLE=/usr/bin/python3 -DPYTHON_INCLUDE_DIR=/usr/include/python3.12 -DPYTHON_LIBRARY=/usr/lib/x86_64-linux-gnu/libpython3.12.so -DCMAKE_INSTALL_PREFIX=/home/yushutian/ws01_plumbing/install/cpp06_urdf
[0.815s] Invoking command in '/home/yushutian/ws01_plumbing/build/cpp06_urdf': CMAKE_PREFIX_PATH=${CMAKE_PREFIX_PATH}:/opt/ros/jazzy DEBUGINFOD_URLS=https://debuginfod.ubuntu.com /usr/bin/cmake --build /home/yushutian/ws01_plumbing/build/cpp06_urdf -- -j32 -l32
[0.862s] Invoked command in '/home/yushutian/ws01_plumbing/build/cpp06_urdf' returned '0': CMAKE_PREFIX_PATH=${CMAKE_PREFIX_PATH}:/opt/ros/jazzy DEBUGINFOD_URLS=https://debuginfod.ubuntu.com /usr/bin/cmake --build /home/yushutian/ws01_plumbing/build/cpp06_urdf -- -j32 -l32
[0.877s] Invoking command in '/home/yushutian/ws01_plumbing/build/cpp06_urdf': CMAKE_PREFIX_PATH=${CMAKE_PREFIX_PATH}:/opt/ros/jazzy DEBUGINFOD_URLS=https://debuginfod.ubuntu.com /usr/bin/cmake --install /home/yushutian/ws01_plumbing/build/cpp06_urdf
[0.890s] -- Install configuration: ""
[0.890s] -- Installing: /home/yushutian/ws01_plumbing/install/cpp06_urdf/share/cpp06_urdf/launch
[0.890s] -- Installing: /home/yushutian/ws01_plumbing/install/cpp06_urdf/share/cpp06_urdf/rviz
[0.890s] -- Installing: /home/yushutian/ws01_plumbing/install/cpp06_urdf/share/cpp06_urdf/urdf
[0.890s] -- Installing: /home/yushutian/ws01_plumbing/install/cpp06_urdf/share/cpp06_urdf/urdf/urdf
[0.890s] -- Installing: /home/yushutian/ws01_plumbing/install/cpp06_urdf/share/cpp06_urdf/urdf/xacro
[0.890s] -- Installing: /home/yushutian/ws01_plumbing/install/cpp06_urdf/share/cpp06_urdf/meshes
[0.890s] -- Installing: /home/yushutian/ws01_plumbing/install/cpp06_urdf/share/ament_index/resource_index/package_run_dependencies/cpp06_urdf
[0.890s] -- Installing: /home/yushutian/ws01_plumbing/install/cpp06_urdf/share/ament_index/resource_index/parent_prefix_path/cpp06_urdf
[0.891s] -- Installing: /home/yushutian/ws01_plumbing/install/cpp06_urdf/share/cpp06_urdf/environment/ament_prefix_path.sh
[0.891s] -- Installing: /home/yushutian/ws01_plumbing/install/cpp06_urdf/share/cpp06_urdf/environment/ament_prefix_path.dsv
[0.891s] -- Installing: /home/yushutian/ws01_plumbing/install/cpp06_urdf/share/cpp06_urdf/environment/path.sh
[0.891s] -- Installing: /home/yushutian/ws01_plumbing/install/cpp06_urdf/share/cpp06_urdf/environment/path.dsv
[0.891s] -- Installing: /home/yushutian/ws01_plumbing/install/cpp06_urdf/share/cpp06_urdf/local_setup.bash
[0.891s] -- Installing: /home/yushutian/ws01_plumbing/install/cpp06_urdf/share/cpp06_urdf/local_setup.sh
[0.891s] -- Installing: /home/yushutian/ws01_plumbing/install/cpp06_urdf/share/cpp06_urdf/local_setup.zsh
[0.891s] -- Installing: /home/yushutian/ws01_plumbing/install/cpp06_urdf/share/cpp06_urdf/local_setup.dsv
[0.892s] -- Installing: /home/yushutian/ws01_plumbing/install/cpp06_urdf/share/cpp06_urdf/package.dsv
[0.892s] -- Installing: /home/yushutian/ws01_plumbing/install/cpp06_urdf/share/ament_index/resource_index/packages/cpp06_urdf
[0.892s] -- Installing: /home/yushutian/ws01_plumbing/install/cpp06_urdf/share/cpp06_urdf/cmake/cpp06_urdfConfig.cmake
[0.892s] -- Installing: /home/yushutian/ws01_plumbing/install/cpp06_urdf/share/cpp06_urdf/cmake/cpp06_urdfConfig-version.cmake
[0.892s] -- Installing: /home/yushutian/ws01_plumbing/install/cpp06_urdf/share/cpp06_urdf/package.xml
[0.895s] Invoked command in '/home/yushutian/ws01_plumbing/build/cpp06_urdf' returned '0': CMAKE_PREFIX_PATH=${CMAKE_PREFIX_PATH}:/opt/ros/jazzy DEBUGINFOD_URLS=https://debuginfod.ubuntu.com /usr/bin/cmake --install /home/yushutian/ws01_plumbing/build/cpp06_urdf
