[0.009s] Invoking command in '/home/yushutian/ws01_plumbing/build/base_interfaces_demo': CMAKE_PREFIX_PATH=${CMAKE_PREFIX_PATH}:/home/yushutian/ws01_plumbing/install/py01_topic:/opt/ros/jazzy DEBUGINFOD_URLS=https://debuginfod.ubuntu.com /usr/bin/cmake --build /home/yushutian/ws01_plumbing/build/base_interfaces_demo -- -j32 -l32
[0.060s] [  2%] Built target base_interfaces_demo__rosidl_generator_type_description
[0.068s] [  2%] Built target ament_cmake_python_copy_base_interfaces_demo
[0.080s] [  5%] Built target base_interfaces_demo__cpp
[0.080s] [ 20%] Built target base_interfaces_demo__rosidl_generator_c
[0.099s] [ 29%] Built target base_interfaces_demo__rosidl_typesupport_introspection_cpp
[0.099s] [ 38%] Built target base_interfaces_demo__rosidl_typesupport_cpp
[0.100s] [ 50%] Built target base_interfaces_demo__rosidl_typesupport_introspection_c
[0.100s] [ 55%] Built target base_interfaces_demo__rosidl_typesupport_fastrtps_c
[0.100s] [ 64%] Built target base_interfaces_demo__rosidl_typesupport_c
[0.101s] [ 73%] Built target base_interfaces_demo__rosidl_typesupport_fastrtps_cpp
[0.120s] [ 73%] Built target base_interfaces_demo
[0.139s] [ 76%] Built target base_interfaces_demo__py
[0.160s] [ 82%] Built target base_interfaces_demo__rosidl_generator_py
[0.180s] [ 88%] Built target base_interfaces_demo_s__rosidl_typesupport_introspection_c
[0.180s] [ 94%] Built target base_interfaces_demo_s__rosidl_typesupport_c
[0.181s] [100%] Built target base_interfaces_demo_s__rosidl_typesupport_fastrtps_c
[0.209s] running egg_info
[0.220s] writing base_interfaces_demo.egg-info/PKG-INFO
[0.220s] writing dependency_links to base_interfaces_demo.egg-info/dependency_links.txt
[0.220s] writing top-level names to base_interfaces_demo.egg-info/top_level.txt
[0.251s] reading manifest file 'base_interfaces_demo.egg-info/SOURCES.txt'
[0.251s] writing manifest file 'base_interfaces_demo.egg-info/SOURCES.txt'
[0.272s] [100%] Built target ament_cmake_python_build_base_interfaces_demo_egg
[0.282s] Invoked command in '/home/yushutian/ws01_plumbing/build/base_interfaces_demo' returned '0': CMAKE_PREFIX_PATH=${CMAKE_PREFIX_PATH}:/home/yushutian/ws01_plumbing/install/py01_topic:/opt/ros/jazzy DEBUGINFOD_URLS=https://debuginfod.ubuntu.com /usr/bin/cmake --build /home/yushutian/ws01_plumbing/build/base_interfaces_demo -- -j32 -l32
[0.289s] Invoking command in '/home/yushutian/ws01_plumbing/build/base_interfaces_demo': CMAKE_PREFIX_PATH=${CMAKE_PREFIX_PATH}:/home/yushutian/ws01_plumbing/install/py01_topic:/opt/ros/jazzy DEBUGINFOD_URLS=https://debuginfod.ubuntu.com /usr/bin/cmake --install /home/yushutian/ws01_plumbing/build/base_interfaces_demo
[0.295s] -- Install configuration: ""
[0.295s] -- Up-to-date: /home/yushutian/ws01_plumbing/install/base_interfaces_demo/share/ament_index/resource_index/rosidl_interfaces/base_interfaces_demo
[0.295s] -- Up-to-date: /home/yushutian/ws01_plumbing/install/base_interfaces_demo/share/base_interfaces_demo/msg/Num.json
[0.295s] -- Up-to-date: /home/yushutian/ws01_plumbing/install/base_interfaces_demo/include/base_interfaces_demo/base_interfaces_demo
[0.295s] -- Up-to-date: /home/yushutian/ws01_plumbing/install/base_interfaces_demo/include/base_interfaces_demo/base_interfaces_demo/msg
[0.295s] -- Up-to-date: /home/yushutian/ws01_plumbing/install/base_interfaces_demo/include/base_interfaces_demo/base_interfaces_demo/msg/detail
[0.295s] -- Up-to-date: /home/yushutian/ws01_plumbing/install/base_interfaces_demo/include/base_interfaces_demo/base_interfaces_demo/msg/detail/num__struct.h
[0.295s] -- Up-to-date: /home/yushutian/ws01_plumbing/install/base_interfaces_demo/include/base_interfaces_demo/base_interfaces_demo/msg/detail/num__type_support.c
[0.296s] -- Up-to-date: /home/yushutian/ws01_plumbing/install/base_interfaces_demo/include/base_interfaces_demo/base_interfaces_demo/msg/detail/num__description.c
[0.296s] -- Up-to-date: /home/yushutian/ws01_plumbing/install/base_interfaces_demo/include/base_interfaces_demo/base_interfaces_demo/msg/detail/num__type_support.h
[0.296s] -- Up-to-date: /home/yushutian/ws01_plumbing/install/base_interfaces_demo/include/base_interfaces_demo/base_interfaces_demo/msg/detail/num__functions.c
[0.296s] -- Up-to-date: /home/yushutian/ws01_plumbing/install/base_interfaces_demo/include/base_interfaces_demo/base_interfaces_demo/msg/detail/num__functions.h
[0.296s] -- Up-to-date: /home/yushutian/ws01_plumbing/install/base_interfaces_demo/include/base_interfaces_demo/base_interfaces_demo/msg/num.h
[0.296s] -- Up-to-date: /home/yushutian/ws01_plumbing/install/base_interfaces_demo/include/base_interfaces_demo/base_interfaces_demo/msg/rosidl_generator_c__visibility_control.h
[0.296s] -- Up-to-date: /home/yushutian/ws01_plumbing/install/base_interfaces_demo/share/base_interfaces_demo/environment/library_path.sh
[0.296s] -- Up-to-date: /home/yushutian/ws01_plumbing/install/base_interfaces_demo/share/base_interfaces_demo/environment/library_path.dsv
[0.296s] -- Up-to-date: /home/yushutian/ws01_plumbing/install/base_interfaces_demo/lib/libbase_interfaces_demo__rosidl_generator_c.so
[0.296s] -- Up-to-date: /home/yushutian/ws01_plumbing/install/base_interfaces_demo/include/base_interfaces_demo/base_interfaces_demo
[0.296s] -- Up-to-date: /home/yushutian/ws01_plumbing/install/base_interfaces_demo/include/base_interfaces_demo/base_interfaces_demo/msg
[0.296s] -- Up-to-date: /home/yushutian/ws01_plumbing/install/base_interfaces_demo/include/base_interfaces_demo/base_interfaces_demo/msg/detail
[0.296s] -- Up-to-date: /home/yushutian/ws01_plumbing/install/base_interfaces_demo/include/base_interfaces_demo/base_interfaces_demo/msg/detail/num__rosidl_typesupport_fastrtps_c.h
[0.296s] -- Up-to-date: /home/yushutian/ws01_plumbing/install/base_interfaces_demo/include/base_interfaces_demo/base_interfaces_demo/msg/rosidl_typesupport_fastrtps_c__visibility_control.h
[0.296s] -- Up-to-date: /home/yushutian/ws01_plumbing/install/base_interfaces_demo/lib/libbase_interfaces_demo__rosidl_typesupport_fastrtps_c.so
[0.296s] -- Up-to-date: /home/yushutian/ws01_plumbing/install/base_interfaces_demo/include/base_interfaces_demo/base_interfaces_demo
[0.296s] -- Up-to-date: /home/yushutian/ws01_plumbing/install/base_interfaces_demo/include/base_interfaces_demo/base_interfaces_demo/msg
[0.296s] -- Up-to-date: /home/yushutian/ws01_plumbing/install/base_interfaces_demo/include/base_interfaces_demo/base_interfaces_demo/msg/detail
[0.297s] -- Up-to-date: /home/yushutian/ws01_plumbing/install/base_interfaces_demo/include/base_interfaces_demo/base_interfaces_demo/msg/detail/num__rosidl_typesupport_introspection_c.h
[0.297s] -- Up-to-date: /home/yushutian/ws01_plumbing/install/base_interfaces_demo/include/base_interfaces_demo/base_interfaces_demo/msg/detail/num__type_support.c
[0.297s] -- Up-to-date: /home/yushutian/ws01_plumbing/install/base_interfaces_demo/include/base_interfaces_demo/base_interfaces_demo/msg/rosidl_typesupport_introspection_c__visibility_control.h
[0.297s] -- Up-to-date: /home/yushutian/ws01_plumbing/install/base_interfaces_demo/lib/libbase_interfaces_demo__rosidl_typesupport_introspection_c.so
[0.297s] -- Up-to-date: /home/yushutian/ws01_plumbing/install/base_interfaces_demo/lib/libbase_interfaces_demo__rosidl_typesupport_c.so
[0.297s] -- Up-to-date: /home/yushutian/ws01_plumbing/install/base_interfaces_demo/include/base_interfaces_demo/base_interfaces_demo
[0.297s] -- Up-to-date: /home/yushutian/ws01_plumbing/install/base_interfaces_demo/include/base_interfaces_demo/base_interfaces_demo/msg
[0.297s] -- Up-to-date: /home/yushutian/ws01_plumbing/install/base_interfaces_demo/include/base_interfaces_demo/base_interfaces_demo/msg/detail
[0.297s] -- Up-to-date: /home/yushutian/ws01_plumbing/install/base_interfaces_demo/include/base_interfaces_demo/base_interfaces_demo/msg/detail/num__type_support.hpp
[0.297s] -- Up-to-date: /home/yushutian/ws01_plumbing/install/base_interfaces_demo/include/base_interfaces_demo/base_interfaces_demo/msg/detail/num__builder.hpp
[0.297s] -- Up-to-date: /home/yushutian/ws01_plumbing/install/base_interfaces_demo/include/base_interfaces_demo/base_interfaces_demo/msg/detail/num__struct.hpp
[0.297s] -- Up-to-date: /home/yushutian/ws01_plumbing/install/base_interfaces_demo/include/base_interfaces_demo/base_interfaces_demo/msg/detail/num__traits.hpp
[0.297s] -- Up-to-date: /home/yushutian/ws01_plumbing/install/base_interfaces_demo/include/base_interfaces_demo/base_interfaces_demo/msg/num.hpp
[0.297s] -- Up-to-date: /home/yushutian/ws01_plumbing/install/base_interfaces_demo/include/base_interfaces_demo/base_interfaces_demo/msg/rosidl_generator_cpp__visibility_control.hpp
[0.297s] -- Up-to-date: /home/yushutian/ws01_plumbing/install/base_interfaces_demo/include/base_interfaces_demo/base_interfaces_demo
[0.297s] -- Up-to-date: /home/yushutian/ws01_plumbing/install/base_interfaces_demo/include/base_interfaces_demo/base_interfaces_demo/msg
[0.297s] -- Up-to-date: /home/yushutian/ws01_plumbing/install/base_interfaces_demo/include/base_interfaces_demo/base_interfaces_demo/msg/rosidl_typesupport_fastrtps_cpp__visibility_control.h
[0.297s] -- Up-to-date: /home/yushutian/ws01_plumbing/install/base_interfaces_demo/include/base_interfaces_demo/base_interfaces_demo/msg/detail
[0.297s] -- Up-to-date: /home/yushutian/ws01_plumbing/install/base_interfaces_demo/include/base_interfaces_demo/base_interfaces_demo/msg/detail/dds_fastrtps
[0.297s] -- Up-to-date: /home/yushutian/ws01_plumbing/install/base_interfaces_demo/include/base_interfaces_demo/base_interfaces_demo/msg/detail/num__rosidl_typesupport_fastrtps_cpp.hpp
[0.297s] -- Up-to-date: /home/yushutian/ws01_plumbing/install/base_interfaces_demo/lib/libbase_interfaces_demo__rosidl_typesupport_fastrtps_cpp.so
[0.297s] -- Up-to-date: /home/yushutian/ws01_plumbing/install/base_interfaces_demo/include/base_interfaces_demo/base_interfaces_demo
[0.297s] -- Up-to-date: /home/yushutian/ws01_plumbing/install/base_interfaces_demo/include/base_interfaces_demo/base_interfaces_demo/msg
[0.298s] -- Up-to-date: /home/yushutian/ws01_plumbing/install/base_interfaces_demo/include/base_interfaces_demo/base_interfaces_demo/msg/detail
[0.298s] -- Up-to-date: /home/yushutian/ws01_plumbing/install/base_interfaces_demo/include/base_interfaces_demo/base_interfaces_demo/msg/detail/num__type_support.cpp
[0.298s] -- Up-to-date: /home/yushutian/ws01_plumbing/install/base_interfaces_demo/include/base_interfaces_demo/base_interfaces_demo/msg/detail/num__rosidl_typesupport_introspection_cpp.hpp
[0.298s] -- Up-to-date: /home/yushutian/ws01_plumbing/install/base_interfaces_demo/lib/libbase_interfaces_demo__rosidl_typesupport_introspection_cpp.so
[0.298s] -- Up-to-date: /home/yushutian/ws01_plumbing/install/base_interfaces_demo/lib/libbase_interfaces_demo__rosidl_typesupport_cpp.so
[0.298s] -- Up-to-date: /home/yushutian/ws01_plumbing/install/base_interfaces_demo/share/base_interfaces_demo/environment/pythonpath.sh
[0.298s] -- Up-to-date: /home/yushutian/ws01_plumbing/install/base_interfaces_demo/share/base_interfaces_demo/environment/pythonpath.dsv
[0.298s] -- Up-to-date: /home/yushutian/ws01_plumbing/install/base_interfaces_demo/lib/python3.12/site-packages/base_interfaces_demo-0.0.0-py3.12.egg-info
[0.298s] -- Installing: /home/yushutian/ws01_plumbing/install/base_interfaces_demo/lib/python3.12/site-packages/base_interfaces_demo-0.0.0-py3.12.egg-info/PKG-INFO
[0.298s] -- Installing: /home/yushutian/ws01_plumbing/install/base_interfaces_demo/lib/python3.12/site-packages/base_interfaces_demo-0.0.0-py3.12.egg-info/top_level.txt
[0.298s] -- Installing: /home/yushutian/ws01_plumbing/install/base_interfaces_demo/lib/python3.12/site-packages/base_interfaces_demo-0.0.0-py3.12.egg-info/SOURCES.txt
[0.298s] -- Installing: /home/yushutian/ws01_plumbing/install/base_interfaces_demo/lib/python3.12/site-packages/base_interfaces_demo-0.0.0-py3.12.egg-info/dependency_links.txt
[0.298s] -- Up-to-date: /home/yushutian/ws01_plumbing/install/base_interfaces_demo/lib/python3.12/site-packages/base_interfaces_demo
[0.298s] -- Up-to-date: /home/yushutian/ws01_plumbing/install/base_interfaces_demo/lib/python3.12/site-packages/base_interfaces_demo/base_interfaces_demo_s__rosidl_typesupport_introspection_c.so
[0.298s] -- Up-to-date: /home/yushutian/ws01_plumbing/install/base_interfaces_demo/lib/python3.12/site-packages/base_interfaces_demo/base_interfaces_demo_s__rosidl_typesupport_c.so
[0.298s] -- Up-to-date: /home/yushutian/ws01_plumbing/install/base_interfaces_demo/lib/python3.12/site-packages/base_interfaces_demo/msg
[0.298s] -- Up-to-date: /home/yushutian/ws01_plumbing/install/base_interfaces_demo/lib/python3.12/site-packages/base_interfaces_demo/msg/_num.py
[0.298s] -- Up-to-date: /home/yushutian/ws01_plumbing/install/base_interfaces_demo/lib/python3.12/site-packages/base_interfaces_demo/msg/_num_s.c
[0.298s] -- Up-to-date: /home/yushutian/ws01_plumbing/install/base_interfaces_demo/lib/python3.12/site-packages/base_interfaces_demo/msg/__init__.py
[0.298s] -- Up-to-date: /home/yushutian/ws01_plumbing/install/base_interfaces_demo/lib/python3.12/site-packages/base_interfaces_demo/base_interfaces_demo_s__rosidl_typesupport_fastrtps_c.so
[0.298s] -- Up-to-date: /home/yushutian/ws01_plumbing/install/base_interfaces_demo/lib/python3.12/site-packages/base_interfaces_demo/_base_interfaces_demo_s.ep.rosidl_typesupport_fastrtps_c.c
[0.298s] -- Up-to-date: /home/yushutian/ws01_plumbing/install/base_interfaces_demo/lib/python3.12/site-packages/base_interfaces_demo/__init__.py
[0.298s] -- Up-to-date: /home/yushutian/ws01_plumbing/install/base_interfaces_demo/lib/python3.12/site-packages/base_interfaces_demo/_base_interfaces_demo_s.ep.rosidl_typesupport_c.c
[0.298s] -- Up-to-date: /home/yushutian/ws01_plumbing/install/base_interfaces_demo/lib/python3.12/site-packages/base_interfaces_demo/_base_interfaces_demo_s.ep.rosidl_typesupport_introspection_c.c
[0.322s] Listing '/home/yushutian/ws01_plumbing/install/base_interfaces_demo/lib/python3.12/site-packages/base_interfaces_demo'...
[0.322s] Listing '/home/yushutian/ws01_plumbing/install/base_interfaces_demo/lib/python3.12/site-packages/base_interfaces_demo/msg'...
[0.326s] -- Up-to-date: /home/yushutian/ws01_plumbing/install/base_interfaces_demo/lib/python3.12/site-packages/base_interfaces_demo/base_interfaces_demo_s__rosidl_typesupport_fastrtps_c.so
[0.326s] -- Up-to-date: /home/yushutian/ws01_plumbing/install/base_interfaces_demo/lib/python3.12/site-packages/base_interfaces_demo/base_interfaces_demo_s__rosidl_typesupport_introspection_c.so
[0.326s] -- Up-to-date: /home/yushutian/ws01_plumbing/install/base_interfaces_demo/lib/python3.12/site-packages/base_interfaces_demo/base_interfaces_demo_s__rosidl_typesupport_c.so
[0.326s] -- Up-to-date: /home/yushutian/ws01_plumbing/install/base_interfaces_demo/lib/libbase_interfaces_demo__rosidl_generator_py.so
[0.326s] -- Up-to-date: /home/yushutian/ws01_plumbing/install/base_interfaces_demo/share/base_interfaces_demo/msg/Num.idl
[0.326s] -- Up-to-date: /home/yushutian/ws01_plumbing/install/base_interfaces_demo/share/base_interfaces_demo/msg/Num.msg
[0.327s] -- Up-to-date: /home/yushutian/ws01_plumbing/install/base_interfaces_demo/share/ament_index/resource_index/package_run_dependencies/base_interfaces_demo
[0.327s] -- Up-to-date: /home/yushutian/ws01_plumbing/install/base_interfaces_demo/share/ament_index/resource_index/parent_prefix_path/base_interfaces_demo
[0.327s] -- Up-to-date: /home/yushutian/ws01_plumbing/install/base_interfaces_demo/share/base_interfaces_demo/environment/ament_prefix_path.sh
[0.327s] -- Up-to-date: /home/yushutian/ws01_plumbing/install/base_interfaces_demo/share/base_interfaces_demo/environment/ament_prefix_path.dsv
[0.327s] -- Up-to-date: /home/yushutian/ws01_plumbing/install/base_interfaces_demo/share/base_interfaces_demo/environment/path.sh
[0.327s] -- Up-to-date: /home/yushutian/ws01_plumbing/install/base_interfaces_demo/share/base_interfaces_demo/environment/path.dsv
[0.327s] -- Up-to-date: /home/yushutian/ws01_plumbing/install/base_interfaces_demo/share/base_interfaces_demo/local_setup.bash
[0.327s] -- Up-to-date: /home/yushutian/ws01_plumbing/install/base_interfaces_demo/share/base_interfaces_demo/local_setup.sh
[0.327s] -- Up-to-date: /home/yushutian/ws01_plumbing/install/base_interfaces_demo/share/base_interfaces_demo/local_setup.zsh
[0.327s] -- Up-to-date: /home/yushutian/ws01_plumbing/install/base_interfaces_demo/share/base_interfaces_demo/local_setup.dsv
[0.327s] -- Installing: /home/yushutian/ws01_plumbing/install/base_interfaces_demo/share/base_interfaces_demo/package.dsv
[0.327s] -- Up-to-date: /home/yushutian/ws01_plumbing/install/base_interfaces_demo/share/ament_index/resource_index/packages/base_interfaces_demo
[0.327s] -- Up-to-date: /home/yushutian/ws01_plumbing/install/base_interfaces_demo/share/base_interfaces_demo/cmake/export_base_interfaces_demo__rosidl_generator_cExport.cmake
[0.327s] -- Up-to-date: /home/yushutian/ws01_plumbing/install/base_interfaces_demo/share/base_interfaces_demo/cmake/export_base_interfaces_demo__rosidl_generator_cExport-noconfig.cmake
[0.327s] -- Up-to-date: /home/yushutian/ws01_plumbing/install/base_interfaces_demo/share/base_interfaces_demo/cmake/export_base_interfaces_demo__rosidl_typesupport_fastrtps_cExport.cmake
[0.327s] -- Up-to-date: /home/yushutian/ws01_plumbing/install/base_interfaces_demo/share/base_interfaces_demo/cmake/export_base_interfaces_demo__rosidl_typesupport_fastrtps_cExport-noconfig.cmake
[0.327s] -- Up-to-date: /home/yushutian/ws01_plumbing/install/base_interfaces_demo/share/base_interfaces_demo/cmake/base_interfaces_demo__rosidl_typesupport_introspection_cExport.cmake
[0.328s] -- Up-to-date: /home/yushutian/ws01_plumbing/install/base_interfaces_demo/share/base_interfaces_demo/cmake/base_interfaces_demo__rosidl_typesupport_introspection_cExport-noconfig.cmake
[0.328s] -- Up-to-date: /home/yushutian/ws01_plumbing/install/base_interfaces_demo/share/base_interfaces_demo/cmake/base_interfaces_demo__rosidl_typesupport_cExport.cmake
[0.328s] -- Up-to-date: /home/yushutian/ws01_plumbing/install/base_interfaces_demo/share/base_interfaces_demo/cmake/base_interfaces_demo__rosidl_typesupport_cExport-noconfig.cmake
[0.328s] -- Up-to-date: /home/yushutian/ws01_plumbing/install/base_interfaces_demo/share/base_interfaces_demo/cmake/export_base_interfaces_demo__rosidl_generator_cppExport.cmake
[0.328s] -- Up-to-date: /home/yushutian/ws01_plumbing/install/base_interfaces_demo/share/base_interfaces_demo/cmake/export_base_interfaces_demo__rosidl_typesupport_fastrtps_cppExport.cmake
[0.328s] -- Up-to-date: /home/yushutian/ws01_plumbing/install/base_interfaces_demo/share/base_interfaces_demo/cmake/export_base_interfaces_demo__rosidl_typesupport_fastrtps_cppExport-noconfig.cmake
[0.328s] -- Up-to-date: /home/yushutian/ws01_plumbing/install/base_interfaces_demo/share/base_interfaces_demo/cmake/base_interfaces_demo__rosidl_typesupport_introspection_cppExport.cmake
[0.328s] -- Up-to-date: /home/yushutian/ws01_plumbing/install/base_interfaces_demo/share/base_interfaces_demo/cmake/base_interfaces_demo__rosidl_typesupport_introspection_cppExport-noconfig.cmake
[0.328s] -- Up-to-date: /home/yushutian/ws01_plumbing/install/base_interfaces_demo/share/base_interfaces_demo/cmake/base_interfaces_demo__rosidl_typesupport_cppExport.cmake
[0.328s] -- Up-to-date: /home/yushutian/ws01_plumbing/install/base_interfaces_demo/share/base_interfaces_demo/cmake/base_interfaces_demo__rosidl_typesupport_cppExport-noconfig.cmake
[0.328s] -- Up-to-date: /home/yushutian/ws01_plumbing/install/base_interfaces_demo/share/base_interfaces_demo/cmake/export_base_interfaces_demo__rosidl_generator_pyExport.cmake
[0.328s] -- Up-to-date: /home/yushutian/ws01_plumbing/install/base_interfaces_demo/share/base_interfaces_demo/cmake/export_base_interfaces_demo__rosidl_generator_pyExport-noconfig.cmake
[0.328s] -- Up-to-date: /home/yushutian/ws01_plumbing/install/base_interfaces_demo/share/base_interfaces_demo/cmake/rosidl_cmake-extras.cmake
[0.328s] -- Up-to-date: /home/yushutian/ws01_plumbing/install/base_interfaces_demo/share/base_interfaces_demo/cmake/ament_cmake_export_include_directories-extras.cmake
[0.328s] -- Up-to-date: /home/yushutian/ws01_plumbing/install/base_interfaces_demo/share/base_interfaces_demo/cmake/ament_cmake_export_libraries-extras.cmake
[0.328s] -- Up-to-date: /home/yushutian/ws01_plumbing/install/base_interfaces_demo/share/base_interfaces_demo/cmake/ament_cmake_export_targets-extras.cmake
[0.328s] -- Up-to-date: /home/yushutian/ws01_plumbing/install/base_interfaces_demo/share/base_interfaces_demo/cmake/rosidl_cmake_export_typesupport_targets-extras.cmake
[0.328s] -- Up-to-date: /home/yushutian/ws01_plumbing/install/base_interfaces_demo/share/base_interfaces_demo/cmake/ament_cmake_export_dependencies-extras.cmake
[0.328s] -- Up-to-date: /home/yushutian/ws01_plumbing/install/base_interfaces_demo/share/base_interfaces_demo/cmake/rosidl_cmake_export_typesupport_libraries-extras.cmake
[0.328s] -- Up-to-date: /home/yushutian/ws01_plumbing/install/base_interfaces_demo/share/base_interfaces_demo/cmake/base_interfaces_demoConfig.cmake
[0.328s] -- Up-to-date: /home/yushutian/ws01_plumbing/install/base_interfaces_demo/share/base_interfaces_demo/cmake/base_interfaces_demoConfig-version.cmake
[0.329s] -- Up-to-date: /home/yushutian/ws01_plumbing/install/base_interfaces_demo/share/base_interfaces_demo/package.xml
[0.329s] Invoked command in '/home/yushutian/ws01_plumbing/build/base_interfaces_demo' returned '0': CMAKE_PREFIX_PATH=${CMAKE_PREFIX_PATH}:/home/yushutian/ws01_plumbing/install/py01_topic:/opt/ros/jazzy DEBUGINFOD_URLS=https://debuginfod.ubuntu.com /usr/bin/cmake --install /home/yushutian/ws01_plumbing/build/base_interfaces_demo
