[0.066s] DEBUG:colcon:Command line arguments: ['/usr/bin/colcon', 'build']
[0.066s] DEBUG:colcon:Parsed command line arguments: Namespace(log_base=None, log_level=None, verb_name='build', build_base='build', install_base='install', merge_install=False, symlink_install=False, test_result_base=None, continue_on_error=False, executor='parallel', parallel_workers=32, event_handlers=None, ignore_user_meta=False, metas=['./colcon.meta'], base_paths=['.'], packages_ignore=None, packages_ignore_regex=None, paths=None, packages_up_to=None, packages_up_to_regex=None, packages_above=None, packages_above_and_dependencies=None, packages_above_depth=None, packages_select_by_dep=None, packages_skip_by_dep=None, packages_skip_up_to=None, packages_select_build_failed=False, packages_skip_build_finished=False, packages_select_test_failures=False, packages_skip_test_passed=False, packages_select=None, packages_skip=None, packages_select_regex=None, packages_skip_regex=None, packages_start=None, packages_end=None, allow_overriding=[], cmake_args=['-DPYTHON_EXECUTABLE=/usr/bin/python3', '-DPYTHON_INCLUDE_DIR=/usr/include/python3.12', '-DPYTHON_LIBRARY=/usr/lib/x86_64-linux-gnu/libpython3.12.so'], cmake_target=None, cmake_target_skip_unavailable=False, cmake_clean_cache=False, cmake_clean_first=False, cmake_force_configure=False, ament_cmake_args=None, catkin_cmake_args=None, catkin_skip_building_tests=False, verb_parser=<colcon_defaults.argument_parser.defaults.DefaultArgumentsDecorator object at 0x720dbfa3d760>, verb_extension=<colcon_core.verb.build.BuildVerb object at 0x720dbfbf7200>, main=<bound method BuildVerb.main of <colcon_core.verb.build.BuildVerb object at 0x720dbfbf7200>>)
[0.092s] Level 1:colcon.colcon_core.package_discovery:discover_packages(colcon_meta) check parameters
[0.092s] Level 1:colcon.colcon_core.package_discovery:discover_packages(recursive) check parameters
[0.092s] Level 1:colcon.colcon_core.package_discovery:discover_packages(ignore) check parameters
[0.092s] Level 1:colcon.colcon_core.package_discovery:discover_packages(path) check parameters
[0.092s] Level 1:colcon.colcon_core.package_discovery:discover_packages(colcon_meta) discover
[0.092s] Level 1:colcon.colcon_core.package_discovery:discover_packages(recursive) discover
[0.092s] INFO:colcon.colcon_core.package_discovery:Crawling recursively for packages in '/home/yushutian/ws01_plumbing'
[0.092s] Level 1:colcon.colcon_core.package_identification:_identify(.) by extensions ['ignore', 'ignore_ament_install']
[0.092s] Level 1:colcon.colcon_core.package_identification:_identify(.) by extension 'ignore'
[0.092s] Level 1:colcon.colcon_core.package_identification:_identify(.) by extension 'ignore_ament_install'
[0.092s] Level 1:colcon.colcon_core.package_identification:_identify(.) by extensions ['colcon_pkg']
[0.092s] Level 1:colcon.colcon_core.package_identification:_identify(.) by extension 'colcon_pkg'
[0.092s] Level 1:colcon.colcon_core.package_identification:_identify(.) by extensions ['colcon_meta']
[0.092s] Level 1:colcon.colcon_core.package_identification:_identify(.) by extension 'colcon_meta'
[0.092s] Level 1:colcon.colcon_core.package_identification:_identify(.) by extensions ['ros']
[0.092s] Level 1:colcon.colcon_core.package_identification:_identify(.) by extension 'ros'
[0.110s] Level 1:colcon.colcon_core.package_identification:_identify(.) by extensions ['cmake', 'python']
[0.110s] Level 1:colcon.colcon_core.package_identification:_identify(.) by extension 'cmake'
[0.110s] Level 1:colcon.colcon_core.package_identification:_identify(.) by extension 'python'
[0.110s] Level 1:colcon.colcon_core.package_identification:_identify(.) by extensions ['python_setup_py']
[0.110s] Level 1:colcon.colcon_core.package_identification:_identify(.) by extension 'python_setup_py'
[0.110s] Level 1:colcon.colcon_core.package_identification:_identify(build) by extensions ['ignore', 'ignore_ament_install']
[0.110s] Level 1:colcon.colcon_core.package_identification:_identify(build) by extension 'ignore'
[0.110s] Level 1:colcon.colcon_core.package_identification:_identify(build) ignored
[0.110s] Level 1:colcon.colcon_core.package_identification:_identify(install) by extensions ['ignore', 'ignore_ament_install']
[0.110s] Level 1:colcon.colcon_core.package_identification:_identify(install) by extension 'ignore'
[0.111s] Level 1:colcon.colcon_core.package_identification:_identify(install) ignored
[0.111s] Level 1:colcon.colcon_core.package_identification:_identify(log) by extensions ['ignore', 'ignore_ament_install']
[0.111s] Level 1:colcon.colcon_core.package_identification:_identify(log) by extension 'ignore'
[0.111s] Level 1:colcon.colcon_core.package_identification:_identify(log) ignored
[0.111s] Level 1:colcon.colcon_core.package_identification:_identify(src) by extensions ['ignore', 'ignore_ament_install']
[0.111s] Level 1:colcon.colcon_core.package_identification:_identify(src) by extension 'ignore'
[0.111s] Level 1:colcon.colcon_core.package_identification:_identify(src) by extension 'ignore_ament_install'
[0.111s] Level 1:colcon.colcon_core.package_identification:_identify(src) by extensions ['colcon_pkg']
[0.111s] Level 1:colcon.colcon_core.package_identification:_identify(src) by extension 'colcon_pkg'
[0.111s] Level 1:colcon.colcon_core.package_identification:_identify(src) by extensions ['colcon_meta']
[0.111s] Level 1:colcon.colcon_core.package_identification:_identify(src) by extension 'colcon_meta'
[0.111s] Level 1:colcon.colcon_core.package_identification:_identify(src) by extensions ['ros']
[0.111s] Level 1:colcon.colcon_core.package_identification:_identify(src) by extension 'ros'
[0.111s] Level 1:colcon.colcon_core.package_identification:_identify(src) by extensions ['cmake', 'python']
[0.111s] Level 1:colcon.colcon_core.package_identification:_identify(src) by extension 'cmake'
[0.111s] Level 1:colcon.colcon_core.package_identification:_identify(src) by extension 'python'
[0.111s] Level 1:colcon.colcon_core.package_identification:_identify(src) by extensions ['python_setup_py']
[0.111s] Level 1:colcon.colcon_core.package_identification:_identify(src) by extension 'python_setup_py'
[0.111s] Level 1:colcon.colcon_core.package_identification:_identify(src/base_interfaces_demo) by extensions ['ignore', 'ignore_ament_install']
[0.111s] Level 1:colcon.colcon_core.package_identification:_identify(src/base_interfaces_demo) by extension 'ignore'
[0.111s] Level 1:colcon.colcon_core.package_identification:_identify(src/base_interfaces_demo) by extension 'ignore_ament_install'
[0.111s] Level 1:colcon.colcon_core.package_identification:_identify(src/base_interfaces_demo) by extensions ['colcon_pkg']
[0.111s] Level 1:colcon.colcon_core.package_identification:_identify(src/base_interfaces_demo) by extension 'colcon_pkg'
[0.111s] Level 1:colcon.colcon_core.package_identification:_identify(src/base_interfaces_demo) by extensions ['colcon_meta']
[0.111s] Level 1:colcon.colcon_core.package_identification:_identify(src/base_interfaces_demo) by extension 'colcon_meta'
[0.111s] Level 1:colcon.colcon_core.package_identification:_identify(src/base_interfaces_demo) by extensions ['ros']
[0.111s] Level 1:colcon.colcon_core.package_identification:_identify(src/base_interfaces_demo) by extension 'ros'
[0.113s] DEBUG:colcon.colcon_core.package_identification:Package 'src/base_interfaces_demo' with type 'ros.ament_cmake' and name 'base_interfaces_demo'
[0.113s] Level 1:colcon.colcon_core.package_identification:_identify(src/cpp01_topic) by extensions ['ignore', 'ignore_ament_install']
[0.113s] Level 1:colcon.colcon_core.package_identification:_identify(src/cpp01_topic) by extension 'ignore'
[0.113s] Level 1:colcon.colcon_core.package_identification:_identify(src/cpp01_topic) by extension 'ignore_ament_install'
[0.113s] Level 1:colcon.colcon_core.package_identification:_identify(src/cpp01_topic) by extensions ['colcon_pkg']
[0.113s] Level 1:colcon.colcon_core.package_identification:_identify(src/cpp01_topic) by extension 'colcon_pkg'
[0.113s] Level 1:colcon.colcon_core.package_identification:_identify(src/cpp01_topic) by extensions ['colcon_meta']
[0.113s] Level 1:colcon.colcon_core.package_identification:_identify(src/cpp01_topic) by extension 'colcon_meta'
[0.113s] Level 1:colcon.colcon_core.package_identification:_identify(src/cpp01_topic) by extensions ['ros']
[0.113s] Level 1:colcon.colcon_core.package_identification:_identify(src/cpp01_topic) by extension 'ros'
[0.114s] DEBUG:colcon.colcon_core.package_identification:Package 'src/cpp01_topic' with type 'ros.ament_cmake' and name 'cpp01_topic'
[0.114s] Level 1:colcon.colcon_core.package_identification:_identify(src/py01_topic) by extensions ['ignore', 'ignore_ament_install']
[0.114s] Level 1:colcon.colcon_core.package_identification:_identify(src/py01_topic) by extension 'ignore'
[0.114s] Level 1:colcon.colcon_core.package_identification:_identify(src/py01_topic) by extension 'ignore_ament_install'
[0.114s] Level 1:colcon.colcon_core.package_identification:_identify(src/py01_topic) by extensions ['colcon_pkg']
[0.114s] Level 1:colcon.colcon_core.package_identification:_identify(src/py01_topic) by extension 'colcon_pkg'
[0.114s] Level 1:colcon.colcon_core.package_identification:_identify(src/py01_topic) by extensions ['colcon_meta']
[0.114s] Level 1:colcon.colcon_core.package_identification:_identify(src/py01_topic) by extension 'colcon_meta'
[0.114s] Level 1:colcon.colcon_core.package_identification:_identify(src/py01_topic) by extensions ['ros']
[0.114s] Level 1:colcon.colcon_core.package_identification:_identify(src/py01_topic) by extension 'ros'
[0.114s] DEBUG:colcon.colcon_core.package_identification:Package 'src/py01_topic' with type 'ros.ament_python' and name 'py01_topic'
[0.114s] Level 1:colcon.colcon_core.package_discovery:discover_packages(recursive) using defaults
[0.114s] Level 1:colcon.colcon_core.package_discovery:discover_packages(ignore) discover
[0.114s] Level 1:colcon.colcon_core.package_discovery:discover_packages(ignore) using defaults
[0.114s] Level 1:colcon.colcon_core.package_discovery:discover_packages(path) discover
[0.114s] Level 1:colcon.colcon_core.package_discovery:discover_packages(path) using defaults
[0.128s] Level 1:colcon.colcon_core.package_discovery:discover_packages(prefix_path) check parameters
[0.128s] Level 1:colcon.colcon_core.package_discovery:discover_packages(prefix_path) discover
[0.129s] DEBUG:colcon.colcon_installed_package_information.package_discovery:Found 286 installed packages in /opt/ros/jazzy
[0.130s] Level 1:colcon.colcon_core.package_discovery:discover_packages(prefix_path) using defaults
[0.155s] Level 5:colcon.colcon_core.verb:set package 'base_interfaces_demo' build argument 'cmake_args' from command line to '['-DPYTHON_EXECUTABLE=/usr/bin/python3', '-DPYTHON_INCLUDE_DIR=/usr/include/python3.12', '-DPYTHON_LIBRARY=/usr/lib/x86_64-linux-gnu/libpython3.12.so']'
[0.155s] Level 5:colcon.colcon_core.verb:set package 'base_interfaces_demo' build argument 'cmake_target' from command line to 'None'
[0.155s] Level 5:colcon.colcon_core.verb:set package 'base_interfaces_demo' build argument 'cmake_target_skip_unavailable' from command line to 'False'
[0.155s] Level 5:colcon.colcon_core.verb:set package 'base_interfaces_demo' build argument 'cmake_clean_cache' from command line to 'False'
[0.155s] Level 5:colcon.colcon_core.verb:set package 'base_interfaces_demo' build argument 'cmake_clean_first' from command line to 'False'
[0.155s] Level 5:colcon.colcon_core.verb:set package 'base_interfaces_demo' build argument 'cmake_force_configure' from command line to 'False'
[0.155s] Level 5:colcon.colcon_core.verb:set package 'base_interfaces_demo' build argument 'ament_cmake_args' from command line to 'None'
[0.155s] Level 5:colcon.colcon_core.verb:set package 'base_interfaces_demo' build argument 'catkin_cmake_args' from command line to 'None'
[0.155s] Level 5:colcon.colcon_core.verb:set package 'base_interfaces_demo' build argument 'catkin_skip_building_tests' from command line to 'False'
[0.155s] DEBUG:colcon.colcon_core.verb:Building package 'base_interfaces_demo' with the following arguments: {'ament_cmake_args': None, 'build_base': '/home/yushutian/ws01_plumbing/build/base_interfaces_demo', 'catkin_cmake_args': None, 'catkin_skip_building_tests': False, 'cmake_args': ['-DPYTHON_EXECUTABLE=/usr/bin/python3', '-DPYTHON_INCLUDE_DIR=/usr/include/python3.12', '-DPYTHON_LIBRARY=/usr/lib/x86_64-linux-gnu/libpython3.12.so'], 'cmake_clean_cache': False, 'cmake_clean_first': False, 'cmake_force_configure': False, 'cmake_target': None, 'cmake_target_skip_unavailable': False, 'install_base': '/home/yushutian/ws01_plumbing/install/base_interfaces_demo', 'merge_install': False, 'path': '/home/yushutian/ws01_plumbing/src/base_interfaces_demo', 'symlink_install': False, 'test_result_base': None}
[0.156s] Level 5:colcon.colcon_core.verb:set package 'cpp01_topic' build argument 'cmake_args' from command line to '['-DPYTHON_EXECUTABLE=/usr/bin/python3', '-DPYTHON_INCLUDE_DIR=/usr/include/python3.12', '-DPYTHON_LIBRARY=/usr/lib/x86_64-linux-gnu/libpython3.12.so']'
[0.156s] Level 5:colcon.colcon_core.verb:set package 'cpp01_topic' build argument 'cmake_target' from command line to 'None'
[0.156s] Level 5:colcon.colcon_core.verb:set package 'cpp01_topic' build argument 'cmake_target_skip_unavailable' from command line to 'False'
[0.156s] Level 5:colcon.colcon_core.verb:set package 'cpp01_topic' build argument 'cmake_clean_cache' from command line to 'False'
[0.156s] Level 5:colcon.colcon_core.verb:set package 'cpp01_topic' build argument 'cmake_clean_first' from command line to 'False'
[0.156s] Level 5:colcon.colcon_core.verb:set package 'cpp01_topic' build argument 'cmake_force_configure' from command line to 'False'
[0.156s] Level 5:colcon.colcon_core.verb:set package 'cpp01_topic' build argument 'ament_cmake_args' from command line to 'None'
[0.156s] Level 5:colcon.colcon_core.verb:set package 'cpp01_topic' build argument 'catkin_cmake_args' from command line to 'None'
[0.156s] Level 5:colcon.colcon_core.verb:set package 'cpp01_topic' build argument 'catkin_skip_building_tests' from command line to 'False'
[0.156s] DEBUG:colcon.colcon_core.verb:Building package 'cpp01_topic' with the following arguments: {'ament_cmake_args': None, 'build_base': '/home/yushutian/ws01_plumbing/build/cpp01_topic', 'catkin_cmake_args': None, 'catkin_skip_building_tests': False, 'cmake_args': ['-DPYTHON_EXECUTABLE=/usr/bin/python3', '-DPYTHON_INCLUDE_DIR=/usr/include/python3.12', '-DPYTHON_LIBRARY=/usr/lib/x86_64-linux-gnu/libpython3.12.so'], 'cmake_clean_cache': False, 'cmake_clean_first': False, 'cmake_force_configure': False, 'cmake_target': None, 'cmake_target_skip_unavailable': False, 'install_base': '/home/yushutian/ws01_plumbing/install/cpp01_topic', 'merge_install': False, 'path': '/home/yushutian/ws01_plumbing/src/cpp01_topic', 'symlink_install': False, 'test_result_base': None}
[0.156s] Level 5:colcon.colcon_core.verb:set package 'py01_topic' build argument 'cmake_args' from command line to '['-DPYTHON_EXECUTABLE=/usr/bin/python3', '-DPYTHON_INCLUDE_DIR=/usr/include/python3.12', '-DPYTHON_LIBRARY=/usr/lib/x86_64-linux-gnu/libpython3.12.so']'
[0.156s] Level 5:colcon.colcon_core.verb:set package 'py01_topic' build argument 'cmake_target' from command line to 'None'
[0.156s] Level 5:colcon.colcon_core.verb:set package 'py01_topic' build argument 'cmake_target_skip_unavailable' from command line to 'False'
[0.156s] Level 5:colcon.colcon_core.verb:set package 'py01_topic' build argument 'cmake_clean_cache' from command line to 'False'
[0.156s] Level 5:colcon.colcon_core.verb:set package 'py01_topic' build argument 'cmake_clean_first' from command line to 'False'
[0.156s] Level 5:colcon.colcon_core.verb:set package 'py01_topic' build argument 'cmake_force_configure' from command line to 'False'
[0.156s] Level 5:colcon.colcon_core.verb:set package 'py01_topic' build argument 'ament_cmake_args' from command line to 'None'
[0.156s] Level 5:colcon.colcon_core.verb:set package 'py01_topic' build argument 'catkin_cmake_args' from command line to 'None'
[0.156s] Level 5:colcon.colcon_core.verb:set package 'py01_topic' build argument 'catkin_skip_building_tests' from command line to 'False'
[0.156s] DEBUG:colcon.colcon_core.verb:Building package 'py01_topic' with the following arguments: {'ament_cmake_args': None, 'build_base': '/home/yushutian/ws01_plumbing/build/py01_topic', 'catkin_cmake_args': None, 'catkin_skip_building_tests': False, 'cmake_args': ['-DPYTHON_EXECUTABLE=/usr/bin/python3', '-DPYTHON_INCLUDE_DIR=/usr/include/python3.12', '-DPYTHON_LIBRARY=/usr/lib/x86_64-linux-gnu/libpython3.12.so'], 'cmake_clean_cache': False, 'cmake_clean_first': False, 'cmake_force_configure': False, 'cmake_target': None, 'cmake_target_skip_unavailable': False, 'install_base': '/home/yushutian/ws01_plumbing/install/py01_topic', 'merge_install': False, 'path': '/home/yushutian/ws01_plumbing/src/py01_topic', 'symlink_install': False, 'test_result_base': None}
[0.156s] INFO:colcon.colcon_core.executor:Executing jobs using 'parallel' executor
[0.157s] DEBUG:colcon.colcon_parallel_executor.executor.parallel:run_until_complete
[0.157s] INFO:colcon.colcon_ros.task.ament_cmake.build:Building ROS package in '/home/yushutian/ws01_plumbing/src/base_interfaces_demo' with build type 'ament_cmake'
[0.157s] INFO:colcon.colcon_cmake.task.cmake.build:Building CMake package in '/home/yushutian/ws01_plumbing/src/base_interfaces_demo'
[0.158s] INFO:colcon.colcon_core.plugin_system:Skipping extension 'colcon_core.shell.bat': Not used on non-Windows systems
[0.158s] INFO:colcon.colcon_core.shell:Skip shell extension 'powershell' for command environment: Not usable outside of PowerShell
[0.158s] DEBUG:colcon.colcon_core.shell:Skip shell extension 'dsv' for command environment
[0.167s] DEBUG:colcon.colcon_core.event_handler.log_command:Invoking command in '/home/yushutian/ws01_plumbing/build/base_interfaces_demo': CMAKE_PREFIX_PATH=${CMAKE_PREFIX_PATH}:/opt/ros/jazzy DEBUGINFOD_URLS=https://debuginfod.ubuntu.com /usr/bin/cmake /home/yushutian/ws01_plumbing/src/base_interfaces_demo -DPYTHON_EXECUTABLE=/usr/bin/python3 -DPYTHON_INCLUDE_DIR=/usr/include/python3.12 -DPYTHON_LIBRARY=/usr/lib/x86_64-linux-gnu/libpython3.12.so -DCMAKE_INSTALL_PREFIX=/home/yushutian/ws01_plumbing/install/base_interfaces_demo
[0.798s] DEBUG:colcon.colcon_core.event_handler.log_command:Invoked command in '/home/yushutian/ws01_plumbing/build/base_interfaces_demo' returned '0': CMAKE_PREFIX_PATH=${CMAKE_PREFIX_PATH}:/opt/ros/jazzy DEBUGINFOD_URLS=https://debuginfod.ubuntu.com /usr/bin/cmake /home/yushutian/ws01_plumbing/src/base_interfaces_demo -DPYTHON_EXECUTABLE=/usr/bin/python3 -DPYTHON_INCLUDE_DIR=/usr/include/python3.12 -DPYTHON_LIBRARY=/usr/lib/x86_64-linux-gnu/libpython3.12.so -DCMAKE_INSTALL_PREFIX=/home/yushutian/ws01_plumbing/install/base_interfaces_demo
[0.800s] DEBUG:colcon.colcon_core.event_handler.log_command:Invoking command in '/home/yushutian/ws01_plumbing/build/base_interfaces_demo': CMAKE_PREFIX_PATH=${CMAKE_PREFIX_PATH}:/opt/ros/jazzy DEBUGINFOD_URLS=https://debuginfod.ubuntu.com /usr/bin/cmake --build /home/yushutian/ws01_plumbing/build/base_interfaces_demo -- -j32 -l32
[0.839s] DEBUG:colcon.colcon_core.event_handler.log_command:Invoked command in '/home/yushutian/ws01_plumbing/build/base_interfaces_demo' returned '0': CMAKE_PREFIX_PATH=${CMAKE_PREFIX_PATH}:/opt/ros/jazzy DEBUGINFOD_URLS=https://debuginfod.ubuntu.com /usr/bin/cmake --build /home/yushutian/ws01_plumbing/build/base_interfaces_demo -- -j32 -l32
[0.860s] DEBUG:colcon.colcon_core.event_handler.log_command:Invoking command in '/home/yushutian/ws01_plumbing/build/base_interfaces_demo': CMAKE_PREFIX_PATH=${CMAKE_PREFIX_PATH}:/opt/ros/jazzy DEBUGINFOD_URLS=https://debuginfod.ubuntu.com /usr/bin/cmake --install /home/yushutian/ws01_plumbing/build/base_interfaces_demo
[0.880s] Level 1:colcon.colcon_core.environment:create_environment_scripts_only(base_interfaces_demo)
[0.880s] DEBUG:colcon.colcon_core.event_handler.log_command:Invoked command in '/home/yushutian/ws01_plumbing/build/base_interfaces_demo' returned '0': CMAKE_PREFIX_PATH=${CMAKE_PREFIX_PATH}:/opt/ros/jazzy DEBUGINFOD_URLS=https://debuginfod.ubuntu.com /usr/bin/cmake --install /home/yushutian/ws01_plumbing/build/base_interfaces_demo
[0.883s] Level 1:colcon.colcon_core.environment:checking '/home/yushutian/ws01_plumbing/install/base_interfaces_demo' for CMake module files
[0.883s] Level 1:colcon.colcon_core.environment:checking '/home/yushutian/ws01_plumbing/install/base_interfaces_demo' for CMake config files
[0.883s] Level 1:colcon.colcon_core.shell:create_environment_hook('base_interfaces_demo', 'cmake_prefix_path')
[0.884s] INFO:colcon.colcon_core.shell:Creating environment hook '/home/yushutian/ws01_plumbing/install/base_interfaces_demo/share/base_interfaces_demo/hook/cmake_prefix_path.ps1'
[0.886s] INFO:colcon.colcon_core.shell:Creating environment descriptor '/home/yushutian/ws01_plumbing/install/base_interfaces_demo/share/base_interfaces_demo/hook/cmake_prefix_path.dsv'
[0.887s] INFO:colcon.colcon_core.shell:Creating environment hook '/home/yushutian/ws01_plumbing/install/base_interfaces_demo/share/base_interfaces_demo/hook/cmake_prefix_path.sh'
[0.888s] Level 1:colcon.colcon_core.environment:checking '/home/yushutian/ws01_plumbing/install/base_interfaces_demo/bin'
[0.889s] Level 1:colcon.colcon_core.environment:checking '/home/yushutian/ws01_plumbing/install/base_interfaces_demo/lib/pkgconfig/base_interfaces_demo.pc'
[0.889s] Level 1:colcon.colcon_core.environment:checking '/home/yushutian/ws01_plumbing/install/base_interfaces_demo/lib/python3.12/site-packages'
[0.890s] Level 1:colcon.colcon_core.environment:checking '/home/yushutian/ws01_plumbing/install/base_interfaces_demo/bin'
[0.890s] INFO:colcon.colcon_core.shell:Creating package script '/home/yushutian/ws01_plumbing/install/base_interfaces_demo/share/base_interfaces_demo/package.ps1'
[0.892s] INFO:colcon.colcon_core.shell:Creating package descriptor '/home/yushutian/ws01_plumbing/install/base_interfaces_demo/share/base_interfaces_demo/package.dsv'
[0.893s] INFO:colcon.colcon_core.shell:Creating package script '/home/yushutian/ws01_plumbing/install/base_interfaces_demo/share/base_interfaces_demo/package.sh'
[0.894s] INFO:colcon.colcon_core.shell:Creating package script '/home/yushutian/ws01_plumbing/install/base_interfaces_demo/share/base_interfaces_demo/package.bash'
[0.895s] INFO:colcon.colcon_core.shell:Creating package script '/home/yushutian/ws01_plumbing/install/base_interfaces_demo/share/base_interfaces_demo/package.zsh'
[0.896s] Level 1:colcon.colcon_core.environment:create_file_with_runtime_dependencies(/home/yushutian/ws01_plumbing/install/base_interfaces_demo/share/colcon-core/packages/base_interfaces_demo)
[0.897s] Level 1:colcon.colcon_core.environment:create_environment_scripts_only(base_interfaces_demo)
[0.897s] Level 1:colcon.colcon_core.environment:checking '/home/yushutian/ws01_plumbing/install/base_interfaces_demo' for CMake module files
[0.897s] Level 1:colcon.colcon_core.environment:checking '/home/yushutian/ws01_plumbing/install/base_interfaces_demo' for CMake config files
[0.897s] Level 1:colcon.colcon_core.shell:create_environment_hook('base_interfaces_demo', 'cmake_prefix_path')
[0.897s] INFO:colcon.colcon_core.shell:Creating environment hook '/home/yushutian/ws01_plumbing/install/base_interfaces_demo/share/base_interfaces_demo/hook/cmake_prefix_path.ps1'
[0.898s] INFO:colcon.colcon_core.shell:Creating environment descriptor '/home/yushutian/ws01_plumbing/install/base_interfaces_demo/share/base_interfaces_demo/hook/cmake_prefix_path.dsv'
[0.898s] INFO:colcon.colcon_core.shell:Creating environment hook '/home/yushutian/ws01_plumbing/install/base_interfaces_demo/share/base_interfaces_demo/hook/cmake_prefix_path.sh'
[0.898s] Level 1:colcon.colcon_core.environment:checking '/home/yushutian/ws01_plumbing/install/base_interfaces_demo/bin'
[0.898s] Level 1:colcon.colcon_core.environment:checking '/home/yushutian/ws01_plumbing/install/base_interfaces_demo/lib/pkgconfig/base_interfaces_demo.pc'
[0.899s] Level 1:colcon.colcon_core.environment:checking '/home/yushutian/ws01_plumbing/install/base_interfaces_demo/lib/python3.12/site-packages'
[0.899s] Level 1:colcon.colcon_core.environment:checking '/home/yushutian/ws01_plumbing/install/base_interfaces_demo/bin'
[0.899s] INFO:colcon.colcon_core.shell:Creating package script '/home/yushutian/ws01_plumbing/install/base_interfaces_demo/share/base_interfaces_demo/package.ps1'
[0.899s] INFO:colcon.colcon_core.shell:Creating package descriptor '/home/yushutian/ws01_plumbing/install/base_interfaces_demo/share/base_interfaces_demo/package.dsv'
[0.900s] INFO:colcon.colcon_core.shell:Creating package script '/home/yushutian/ws01_plumbing/install/base_interfaces_demo/share/base_interfaces_demo/package.sh'
[0.900s] INFO:colcon.colcon_core.shell:Creating package script '/home/yushutian/ws01_plumbing/install/base_interfaces_demo/share/base_interfaces_demo/package.bash'
[0.900s] INFO:colcon.colcon_core.shell:Creating package script '/home/yushutian/ws01_plumbing/install/base_interfaces_demo/share/base_interfaces_demo/package.zsh'
[0.900s] Level 1:colcon.colcon_core.environment:create_file_with_runtime_dependencies(/home/yushutian/ws01_plumbing/install/base_interfaces_demo/share/colcon-core/packages/base_interfaces_demo)
[0.900s] INFO:colcon.colcon_ros.task.ament_cmake.build:Building ROS package in '/home/yushutian/ws01_plumbing/src/cpp01_topic' with build type 'ament_cmake'
[0.901s] INFO:colcon.colcon_cmake.task.cmake.build:Building CMake package in '/home/yushutian/ws01_plumbing/src/cpp01_topic'
[0.901s] INFO:colcon.colcon_core.shell:Skip shell extension 'powershell' for command environment: Not usable outside of PowerShell
[0.901s] DEBUG:colcon.colcon_core.shell:Skip shell extension 'dsv' for command environment
[0.903s] INFO:colcon.colcon_ros.task.ament_python.build:Building ROS package in '/home/yushutian/ws01_plumbing/src/py01_topic' with build type 'ament_python'
[0.903s] Level 1:colcon.colcon_core.shell:create_environment_hook('py01_topic', 'ament_prefix_path')
[0.903s] INFO:colcon.colcon_core.shell:Creating environment hook '/home/yushutian/ws01_plumbing/install/py01_topic/share/py01_topic/hook/ament_prefix_path.ps1'
[0.903s] INFO:colcon.colcon_core.shell:Creating environment descriptor '/home/yushutian/ws01_plumbing/install/py01_topic/share/py01_topic/hook/ament_prefix_path.dsv'
[0.903s] INFO:colcon.colcon_core.shell:Creating environment hook '/home/yushutian/ws01_plumbing/install/py01_topic/share/py01_topic/hook/ament_prefix_path.sh'
[0.904s] INFO:colcon.colcon_core.shell:Skip shell extension 'powershell' for command environment: Not usable outside of PowerShell
[0.904s] DEBUG:colcon.colcon_core.shell:Skip shell extension 'dsv' for command environment
[0.907s] DEBUG:colcon.colcon_core.event_handler.log_command:Invoking command in '/home/yushutian/ws01_plumbing/build/cpp01_topic': AMENT_PREFIX_PATH=/home/yushutian/ws01_plumbing/install/base_interfaces_demo:${AMENT_PREFIX_PATH} CMAKE_PREFIX_PATH=/home/yushutian/ws01_plumbing/install/base_interfaces_demo:/opt/ros/jazzy/opt/gz_math_vendor:/opt/ros/jazzy/opt/gz_utils_vendor:/opt/ros/jazzy/opt/gz_cmake_vendor:/opt/ros/jazzy DEBUGINFOD_URLS=https://debuginfod.ubuntu.com /usr/bin/cmake /home/yushutian/ws01_plumbing/src/cpp01_topic -DPYTHON_EXECUTABLE=/usr/bin/python3 -DPYTHON_INCLUDE_DIR=/usr/include/python3.12 -DPYTHON_LIBRARY=/usr/lib/x86_64-linux-gnu/libpython3.12.so -DCMAKE_INSTALL_PREFIX=/home/yushutian/ws01_plumbing/install/cpp01_topic
[1.058s] INFO:colcon.colcon_core.task.python.build:Building Python package in '/home/yushutian/ws01_plumbing/src/py01_topic'
[1.058s] INFO:colcon.colcon_core.shell:Skip shell extension 'powershell' for command environment: Not usable outside of PowerShell
[1.058s] DEBUG:colcon.colcon_core.shell:Skip shell extension 'dsv' for command environment
[1.487s] DEBUG:colcon.colcon_core.event_handler.log_command:Invoking command in '/home/yushutian/ws01_plumbing/src/py01_topic': AMENT_PREFIX_PATH=/home/yushutian/ws01_plumbing/install/base_interfaces_demo:${AMENT_PREFIX_PATH} CMAKE_PREFIX_PATH=/home/yushutian/ws01_plumbing/install/base_interfaces_demo:${CMAKE_PREFIX_PATH} DEBUGINFOD_URLS=https://debuginfod.ubuntu.com PYTHONPATH=/home/yushutian/ws01_plumbing/build/py01_topic/prefix_override:/usr/lib/python3/dist-packages/colcon_core/task/python/colcon_distutils_commands:/home/yushutian/ws01_plumbing/install/py01_topic/lib/python3.12/site-packages:${PYTHONPATH} /usr/bin/python3 -W ignore:setup.py install is deprecated -W ignore:easy_install command is deprecated setup.py egg_info --egg-base ../../build/py01_topic build --build-base /home/yushutian/ws01_plumbing/build/py01_topic/build install --record /home/yushutian/ws01_plumbing/build/py01_topic/install.log --single-version-externally-managed install_data
[1.794s] DEBUG:colcon.colcon_core.event_handler.log_command:Invoked command in '/home/yushutian/ws01_plumbing/build/cpp01_topic' returned '0': AMENT_PREFIX_PATH=/home/yushutian/ws01_plumbing/install/base_interfaces_demo:${AMENT_PREFIX_PATH} CMAKE_PREFIX_PATH=/home/yushutian/ws01_plumbing/install/base_interfaces_demo:/opt/ros/jazzy/opt/gz_math_vendor:/opt/ros/jazzy/opt/gz_utils_vendor:/opt/ros/jazzy/opt/gz_cmake_vendor:/opt/ros/jazzy DEBUGINFOD_URLS=https://debuginfod.ubuntu.com /usr/bin/cmake /home/yushutian/ws01_plumbing/src/cpp01_topic -DPYTHON_EXECUTABLE=/usr/bin/python3 -DPYTHON_INCLUDE_DIR=/usr/include/python3.12 -DPYTHON_LIBRARY=/usr/lib/x86_64-linux-gnu/libpython3.12.so -DCMAKE_INSTALL_PREFIX=/home/yushutian/ws01_plumbing/install/cpp01_topic
[1.795s] DEBUG:colcon.colcon_core.event_handler.log_command:Invoking command in '/home/yushutian/ws01_plumbing/build/cpp01_topic': AMENT_PREFIX_PATH=/home/yushutian/ws01_plumbing/install/base_interfaces_demo:${AMENT_PREFIX_PATH} CMAKE_PREFIX_PATH=/home/yushutian/ws01_plumbing/install/base_interfaces_demo:/opt/ros/jazzy/opt/gz_math_vendor:/opt/ros/jazzy/opt/gz_utils_vendor:/opt/ros/jazzy/opt/gz_cmake_vendor:/opt/ros/jazzy DEBUGINFOD_URLS=https://debuginfod.ubuntu.com /usr/bin/cmake --build /home/yushutian/ws01_plumbing/build/cpp01_topic -- -j32 -l32
[1.819s] Level 1:colcon.colcon_core.environment:checking '/home/yushutian/ws01_plumbing/install/py01_topic' for CMake module files
[1.820s] DEBUG:colcon.colcon_core.event_handler.log_command:Invoked command in '/home/yushutian/ws01_plumbing/src/py01_topic' returned '0': AMENT_PREFIX_PATH=/home/yushutian/ws01_plumbing/install/base_interfaces_demo:${AMENT_PREFIX_PATH} CMAKE_PREFIX_PATH=/home/yushutian/ws01_plumbing/install/base_interfaces_demo:${CMAKE_PREFIX_PATH} DEBUGINFOD_URLS=https://debuginfod.ubuntu.com PYTHONPATH=/home/yushutian/ws01_plumbing/build/py01_topic/prefix_override:/usr/lib/python3/dist-packages/colcon_core/task/python/colcon_distutils_commands:/home/yushutian/ws01_plumbing/install/py01_topic/lib/python3.12/site-packages:${PYTHONPATH} /usr/bin/python3 -W ignore:setup.py install is deprecated -W ignore:easy_install command is deprecated setup.py egg_info --egg-base ../../build/py01_topic build --build-base /home/yushutian/ws01_plumbing/build/py01_topic/build install --record /home/yushutian/ws01_plumbing/build/py01_topic/install.log --single-version-externally-managed install_data
[1.820s] Level 1:colcon.colcon_core.environment:checking '/home/yushutian/ws01_plumbing/install/py01_topic' for CMake config files
[1.821s] Level 1:colcon.colcon_core.environment:checking '/home/yushutian/ws01_plumbing/install/py01_topic/lib'
[1.821s] Level 1:colcon.colcon_core.environment:checking '/home/yushutian/ws01_plumbing/install/py01_topic/bin'
[1.821s] Level 1:colcon.colcon_core.environment:checking '/home/yushutian/ws01_plumbing/install/py01_topic/lib/pkgconfig/py01_topic.pc'
[1.821s] Level 1:colcon.colcon_core.environment:checking '/home/yushutian/ws01_plumbing/install/py01_topic/lib/python3.12/site-packages'
[1.821s] Level 1:colcon.colcon_core.shell:create_environment_hook('py01_topic', 'pythonpath')
[1.822s] INFO:colcon.colcon_core.shell:Creating environment hook '/home/yushutian/ws01_plumbing/install/py01_topic/share/py01_topic/hook/pythonpath.ps1'
[1.822s] INFO:colcon.colcon_core.shell:Creating environment descriptor '/home/yushutian/ws01_plumbing/install/py01_topic/share/py01_topic/hook/pythonpath.dsv'
[1.822s] INFO:colcon.colcon_core.shell:Creating environment hook '/home/yushutian/ws01_plumbing/install/py01_topic/share/py01_topic/hook/pythonpath.sh'
[1.823s] Level 1:colcon.colcon_core.environment:checking '/home/yushutian/ws01_plumbing/install/py01_topic/bin'
[1.823s] Level 1:colcon.colcon_core.environment:create_environment_scripts_only(py01_topic)
[1.823s] INFO:colcon.colcon_core.shell:Creating package script '/home/yushutian/ws01_plumbing/install/py01_topic/share/py01_topic/package.ps1'
[1.824s] INFO:colcon.colcon_core.shell:Creating package descriptor '/home/yushutian/ws01_plumbing/install/py01_topic/share/py01_topic/package.dsv'
[1.824s] INFO:colcon.colcon_core.shell:Creating package script '/home/yushutian/ws01_plumbing/install/py01_topic/share/py01_topic/package.sh'
[1.825s] INFO:colcon.colcon_core.shell:Creating package script '/home/yushutian/ws01_plumbing/install/py01_topic/share/py01_topic/package.bash'
[1.825s] INFO:colcon.colcon_core.shell:Creating package script '/home/yushutian/ws01_plumbing/install/py01_topic/share/py01_topic/package.zsh'
[1.825s] Level 1:colcon.colcon_core.environment:create_file_with_runtime_dependencies(/home/yushutian/ws01_plumbing/install/py01_topic/share/colcon-core/packages/py01_topic)
[4.709s] DEBUG:colcon.colcon_core.event_handler.log_command:Invoked command in '/home/yushutian/ws01_plumbing/build/cpp01_topic' returned '0': AMENT_PREFIX_PATH=/home/yushutian/ws01_plumbing/install/base_interfaces_demo:${AMENT_PREFIX_PATH} CMAKE_PREFIX_PATH=/home/yushutian/ws01_plumbing/install/base_interfaces_demo:/opt/ros/jazzy/opt/gz_math_vendor:/opt/ros/jazzy/opt/gz_utils_vendor:/opt/ros/jazzy/opt/gz_cmake_vendor:/opt/ros/jazzy DEBUGINFOD_URLS=https://debuginfod.ubuntu.com /usr/bin/cmake --build /home/yushutian/ws01_plumbing/build/cpp01_topic -- -j32 -l32
[4.709s] DEBUG:colcon.colcon_core.event_handler.log_command:Invoking command in '/home/yushutian/ws01_plumbing/build/cpp01_topic': AMENT_PREFIX_PATH=/home/yushutian/ws01_plumbing/install/base_interfaces_demo:${AMENT_PREFIX_PATH} CMAKE_PREFIX_PATH=/home/yushutian/ws01_plumbing/install/base_interfaces_demo:/opt/ros/jazzy/opt/gz_math_vendor:/opt/ros/jazzy/opt/gz_utils_vendor:/opt/ros/jazzy/opt/gz_cmake_vendor:/opt/ros/jazzy DEBUGINFOD_URLS=https://debuginfod.ubuntu.com /usr/bin/cmake --install /home/yushutian/ws01_plumbing/build/cpp01_topic
[4.723s] Level 1:colcon.colcon_core.environment:create_environment_scripts_only(cpp01_topic)
[4.724s] Level 1:colcon.colcon_core.environment:checking '/home/yushutian/ws01_plumbing/install/cpp01_topic' for CMake module files
[4.724s] DEBUG:colcon.colcon_core.event_handler.log_command:Invoked command in '/home/yushutian/ws01_plumbing/build/cpp01_topic' returned '0': AMENT_PREFIX_PATH=/home/yushutian/ws01_plumbing/install/base_interfaces_demo:${AMENT_PREFIX_PATH} CMAKE_PREFIX_PATH=/home/yushutian/ws01_plumbing/install/base_interfaces_demo:/opt/ros/jazzy/opt/gz_math_vendor:/opt/ros/jazzy/opt/gz_utils_vendor:/opt/ros/jazzy/opt/gz_cmake_vendor:/opt/ros/jazzy DEBUGINFOD_URLS=https://debuginfod.ubuntu.com /usr/bin/cmake --install /home/yushutian/ws01_plumbing/build/cpp01_topic
[4.724s] Level 1:colcon.colcon_core.environment:checking '/home/yushutian/ws01_plumbing/install/cpp01_topic' for CMake config files
[4.725s] Level 1:colcon.colcon_core.shell:create_environment_hook('cpp01_topic', 'cmake_prefix_path')
[4.725s] INFO:colcon.colcon_core.shell:Creating environment hook '/home/yushutian/ws01_plumbing/install/cpp01_topic/share/cpp01_topic/hook/cmake_prefix_path.ps1'
[4.725s] INFO:colcon.colcon_core.shell:Creating environment descriptor '/home/yushutian/ws01_plumbing/install/cpp01_topic/share/cpp01_topic/hook/cmake_prefix_path.dsv'
[4.725s] INFO:colcon.colcon_core.shell:Creating environment hook '/home/yushutian/ws01_plumbing/install/cpp01_topic/share/cpp01_topic/hook/cmake_prefix_path.sh'
[4.726s] Level 1:colcon.colcon_core.environment:checking '/home/yushutian/ws01_plumbing/install/cpp01_topic/lib'
[4.726s] Level 1:colcon.colcon_core.environment:checking '/home/yushutian/ws01_plumbing/install/cpp01_topic/bin'
[4.726s] Level 1:colcon.colcon_core.environment:checking '/home/yushutian/ws01_plumbing/install/cpp01_topic/lib/pkgconfig/cpp01_topic.pc'
[4.726s] Level 1:colcon.colcon_core.environment:checking '/home/yushutian/ws01_plumbing/install/cpp01_topic/lib/python3.12/site-packages'
[4.726s] Level 1:colcon.colcon_core.environment:checking '/home/yushutian/ws01_plumbing/install/cpp01_topic/bin'
[4.726s] INFO:colcon.colcon_core.shell:Creating package script '/home/yushutian/ws01_plumbing/install/cpp01_topic/share/cpp01_topic/package.ps1'
[4.726s] INFO:colcon.colcon_core.shell:Creating package descriptor '/home/yushutian/ws01_plumbing/install/cpp01_topic/share/cpp01_topic/package.dsv'
[4.727s] INFO:colcon.colcon_core.shell:Creating package script '/home/yushutian/ws01_plumbing/install/cpp01_topic/share/cpp01_topic/package.sh'
[4.727s] INFO:colcon.colcon_core.shell:Creating package script '/home/yushutian/ws01_plumbing/install/cpp01_topic/share/cpp01_topic/package.bash'
[4.727s] INFO:colcon.colcon_core.shell:Creating package script '/home/yushutian/ws01_plumbing/install/cpp01_topic/share/cpp01_topic/package.zsh'
[4.727s] Level 1:colcon.colcon_core.environment:create_file_with_runtime_dependencies(/home/yushutian/ws01_plumbing/install/cpp01_topic/share/colcon-core/packages/cpp01_topic)
[4.727s] Level 1:colcon.colcon_core.environment:create_environment_scripts_only(cpp01_topic)
[4.727s] Level 1:colcon.colcon_core.environment:checking '/home/yushutian/ws01_plumbing/install/cpp01_topic' for CMake module files
[4.728s] Level 1:colcon.colcon_core.environment:checking '/home/yushutian/ws01_plumbing/install/cpp01_topic' for CMake config files
[4.728s] Level 1:colcon.colcon_core.shell:create_environment_hook('cpp01_topic', 'cmake_prefix_path')
[4.728s] INFO:colcon.colcon_core.shell:Creating environment hook '/home/yushutian/ws01_plumbing/install/cpp01_topic/share/cpp01_topic/hook/cmake_prefix_path.ps1'
[4.728s] INFO:colcon.colcon_core.shell:Creating environment descriptor '/home/yushutian/ws01_plumbing/install/cpp01_topic/share/cpp01_topic/hook/cmake_prefix_path.dsv'
[4.728s] INFO:colcon.colcon_core.shell:Creating environment hook '/home/yushutian/ws01_plumbing/install/cpp01_topic/share/cpp01_topic/hook/cmake_prefix_path.sh'
[4.729s] Level 1:colcon.colcon_core.environment:checking '/home/yushutian/ws01_plumbing/install/cpp01_topic/lib'
[4.729s] Level 1:colcon.colcon_core.environment:checking '/home/yushutian/ws01_plumbing/install/cpp01_topic/bin'
[4.729s] Level 1:colcon.colcon_core.environment:checking '/home/yushutian/ws01_plumbing/install/cpp01_topic/lib/pkgconfig/cpp01_topic.pc'
[4.729s] Level 1:colcon.colcon_core.environment:checking '/home/yushutian/ws01_plumbing/install/cpp01_topic/lib/python3.12/site-packages'
[4.729s] Level 1:colcon.colcon_core.environment:checking '/home/yushutian/ws01_plumbing/install/cpp01_topic/bin'
[4.729s] INFO:colcon.colcon_core.shell:Creating package script '/home/yushutian/ws01_plumbing/install/cpp01_topic/share/cpp01_topic/package.ps1'
[4.730s] INFO:colcon.colcon_core.shell:Creating package descriptor '/home/yushutian/ws01_plumbing/install/cpp01_topic/share/cpp01_topic/package.dsv'
[4.730s] INFO:colcon.colcon_core.shell:Creating package script '/home/yushutian/ws01_plumbing/install/cpp01_topic/share/cpp01_topic/package.sh'
[4.730s] INFO:colcon.colcon_core.shell:Creating package script '/home/yushutian/ws01_plumbing/install/cpp01_topic/share/cpp01_topic/package.bash'
[4.731s] INFO:colcon.colcon_core.shell:Creating package script '/home/yushutian/ws01_plumbing/install/cpp01_topic/share/cpp01_topic/package.zsh'
[4.731s] Level 1:colcon.colcon_core.environment:create_file_with_runtime_dependencies(/home/yushutian/ws01_plumbing/install/cpp01_topic/share/colcon-core/packages/cpp01_topic)
[4.731s] DEBUG:colcon.colcon_parallel_executor.executor.parallel:closing loop
[4.731s] DEBUG:colcon.colcon_parallel_executor.executor.parallel:loop closed
[4.731s] DEBUG:colcon.colcon_parallel_executor.executor.parallel:run_until_complete finished with '0'
[4.731s] DEBUG:colcon.colcon_core.event_reactor:joining thread
[4.740s] INFO:colcon.colcon_core.plugin_system:Skipping extension 'colcon_notification.desktop_notification.terminal_notifier': Not used on non-Darwin systems
[4.740s] INFO:colcon.colcon_core.plugin_system:Skipping extension 'colcon_notification.desktop_notification.win32': Not used on non-Windows systems
[4.740s] INFO:colcon.colcon_notification.desktop_notification:Sending desktop notification using 'notify2'
[4.766s] DEBUG:colcon.colcon_core.event_reactor:joined thread
[4.766s] INFO:colcon.colcon_core.shell:Creating prefix script '/home/yushutian/ws01_plumbing/install/local_setup.ps1'
[4.767s] INFO:colcon.colcon_core.shell:Creating prefix util module '/home/yushutian/ws01_plumbing/install/_local_setup_util_ps1.py'
[4.768s] INFO:colcon.colcon_core.shell:Creating prefix chain script '/home/yushutian/ws01_plumbing/install/setup.ps1'
[4.768s] INFO:colcon.colcon_core.shell:Creating prefix script '/home/yushutian/ws01_plumbing/install/local_setup.sh'
[4.769s] INFO:colcon.colcon_core.shell:Creating prefix util module '/home/yushutian/ws01_plumbing/install/_local_setup_util_sh.py'
[4.769s] INFO:colcon.colcon_core.shell:Creating prefix chain script '/home/yushutian/ws01_plumbing/install/setup.sh'
[4.770s] INFO:colcon.colcon_core.shell:Creating prefix script '/home/yushutian/ws01_plumbing/install/local_setup.bash'
[4.770s] INFO:colcon.colcon_core.shell:Creating prefix chain script '/home/yushutian/ws01_plumbing/install/setup.bash'
[4.771s] INFO:colcon.colcon_core.shell:Creating prefix script '/home/yushutian/ws01_plumbing/install/local_setup.zsh'
[4.772s] INFO:colcon.colcon_core.shell:Creating prefix chain script '/home/yushutian/ws01_plumbing/install/setup.zsh'
