-- Install configuration: ""
-- Up-to-date: /home/yushutian/ws01_plumbing/src/install/cpp06_urdf/share/cpp06_urdf/launch
-- Installing: /home/yushutian/ws01_plumbing/src/install/cpp06_urdf/share/cpp06_urdf/launch/display.launch.py
-- Up-to-date: /home/yushutian/ws01_plumbing/src/install/cpp06_urdf/share/cpp06_urdf/rviz
-- Up-to-date: /home/yushutian/ws01_plumbing/src/install/cpp06_urdf/share/cpp06_urdf/urdf
-- Up-to-date: /home/yushutian/ws01_plumbing/src/install/cpp06_urdf/share/cpp06_urdf/urdf/urdf
-- Up-to-date: /home/yushutian/ws01_plumbing/src/install/cpp06_urdf/share/cpp06_urdf/urdf/urdf/demo02_link.urdf
-- Up-to-date: /home/yushutian/ws01_plumbing/src/install/cpp06_urdf/share/cpp06_urdf/urdf/xacro
-- Up-to-date: /home/yushutian/ws01_plumbing/src/install/cpp06_urdf/share/cpp06_urdf/meshes
-- Up-to-date: /home/yushutian/ws01_plumbing/src/install/cpp06_urdf/share/cpp06_urdf/meshes/LF_Link_1.STL
-- Up-to-date: /home/yushutian/ws01_plumbing/src/install/cpp06_urdf/share/cpp06_urdf/meshes/RB_Link_3.STL
-- Up-to-date: /home/yushutian/ws01_plumbing/src/install/cpp06_urdf/share/cpp06_urdf/meshes/LB_Link_2.STL
-- Up-to-date: /home/yushutian/ws01_plumbing/src/install/cpp06_urdf/share/cpp06_urdf/meshes/RB_Link_1.STL
-- Up-to-date: /home/yushutian/ws01_plumbing/src/install/cpp06_urdf/share/cpp06_urdf/meshes/RB_Link_2.STL
-- Up-to-date: /home/yushutian/ws01_plumbing/src/install/cpp06_urdf/share/cpp06_urdf/meshes/RF_Link_3.STL
-- Up-to-date: /home/yushutian/ws01_plumbing/src/install/cpp06_urdf/share/cpp06_urdf/meshes/LB_Link_3.STL
-- Up-to-date: /home/yushutian/ws01_plumbing/src/install/cpp06_urdf/share/cpp06_urdf/meshes/RF_Link_2.STL
-- Up-to-date: /home/yushutian/ws01_plumbing/src/install/cpp06_urdf/share/cpp06_urdf/meshes/RF_Link_1.STL
-- Up-to-date: /home/yushutian/ws01_plumbing/src/install/cpp06_urdf/share/cpp06_urdf/meshes/Camera_Link.STL
-- Up-to-date: /home/yushutian/ws01_plumbing/src/install/cpp06_urdf/share/cpp06_urdf/meshes/LF_Link_3.STL
-- Up-to-date: /home/yushutian/ws01_plumbing/src/install/cpp06_urdf/share/cpp06_urdf/meshes/LF_Link_2.STL
-- Up-to-date: /home/yushutian/ws01_plumbing/src/install/cpp06_urdf/share/cpp06_urdf/meshes/base_link.STL
-- Up-to-date: /home/yushutian/ws01_plumbing/src/install/cpp06_urdf/share/cpp06_urdf/meshes/LB_Link_1.STL
-- Up-to-date: /home/yushutian/ws01_plumbing/src/install/cpp06_urdf/share/cpp06_urdf/meshes/Radar_Link.STL
-- Up-to-date: /home/yushutian/ws01_plumbing/src/install/cpp06_urdf/share/ament_index/resource_index/package_run_dependencies/cpp06_urdf
-- Up-to-date: /home/yushutian/ws01_plumbing/src/install/cpp06_urdf/share/ament_index/resource_index/parent_prefix_path/cpp06_urdf
-- Up-to-date: /home/yushutian/ws01_plumbing/src/install/cpp06_urdf/share/cpp06_urdf/environment/ament_prefix_path.sh
-- Up-to-date: /home/yushutian/ws01_plumbing/src/install/cpp06_urdf/share/cpp06_urdf/environment/ament_prefix_path.dsv
-- Up-to-date: /home/yushutian/ws01_plumbing/src/install/cpp06_urdf/share/cpp06_urdf/environment/path.sh
-- Up-to-date: /home/yushutian/ws01_plumbing/src/install/cpp06_urdf/share/cpp06_urdf/environment/path.dsv
-- Up-to-date: /home/yushutian/ws01_plumbing/src/install/cpp06_urdf/share/cpp06_urdf/local_setup.bash
-- Up-to-date: /home/yushutian/ws01_plumbing/src/install/cpp06_urdf/share/cpp06_urdf/local_setup.sh
-- Up-to-date: /home/yushutian/ws01_plumbing/src/install/cpp06_urdf/share/cpp06_urdf/local_setup.zsh
-- Up-to-date: /home/yushutian/ws01_plumbing/src/install/cpp06_urdf/share/cpp06_urdf/local_setup.dsv
-- Up-to-date: /home/yushutian/ws01_plumbing/src/install/cpp06_urdf/share/cpp06_urdf/package.dsv
-- Up-to-date: /home/yushutian/ws01_plumbing/src/install/cpp06_urdf/share/ament_index/resource_index/packages/cpp06_urdf
-- Up-to-date: /home/yushutian/ws01_plumbing/src/install/cpp06_urdf/share/cpp06_urdf/cmake/cpp06_urdfConfig.cmake
-- Up-to-date: /home/yushutian/ws01_plumbing/src/install/cpp06_urdf/share/cpp06_urdf/cmake/cpp06_urdfConfig-version.cmake
-- Up-to-date: /home/yushutian/ws01_plumbing/src/install/cpp06_urdf/share/cpp06_urdf/package.xml
