[0.009s] Invoking command in '/home/yushutian/ws01_plumbing/src/build/cpp06_urdf': CMAKE_PREFIX_PATH=${CMAKE_PREFIX_PATH}:/opt/ros/jazzy DEBUGINFOD_URLS=https://debuginfod.ubuntu.com /usr/bin/cmake --build /home/yushutian/ws01_plumbing/src/build/cpp06_urdf -- -j32 -l32
[0.046s] Invoked command in '/home/yushutian/ws01_plumbing/src/build/cpp06_urdf' returned '0': CMAKE_PREFIX_PATH=${CMAKE_PREFIX_PATH}:/opt/ros/jazzy DEBUGINFOD_URLS=https://debuginfod.ubuntu.com /usr/bin/cmake --build /home/yushutian/ws01_plumbing/src/build/cpp06_urdf -- -j32 -l32
[0.055s] Invoking command in '/home/yushutian/ws01_plumbing/src/build/cpp06_urdf': CMAKE_PREFIX_PATH=${CMAKE_PREFIX_PATH}:/opt/ros/jazzy DEBUGINFOD_URLS=https://debuginfod.ubuntu.com /usr/bin/cmake --install /home/yushutian/ws01_plumbing/src/build/cpp06_urdf
[0.063s] -- Install configuration: ""
[0.063s] -- Up-to-date: /home/yushutian/ws01_plumbing/src/install/cpp06_urdf/share/cpp06_urdf/launch
[0.063s] -- Installing: /home/yushutian/ws01_plumbing/src/install/cpp06_urdf/share/cpp06_urdf/launch/display.launch.py
[0.063s] -- Up-to-date: /home/yushutian/ws01_plumbing/src/install/cpp06_urdf/share/cpp06_urdf/rviz
[0.063s] -- Up-to-date: /home/yushutian/ws01_plumbing/src/install/cpp06_urdf/share/cpp06_urdf/urdf
[0.064s] -- Up-to-date: /home/yushutian/ws01_plumbing/src/install/cpp06_urdf/share/cpp06_urdf/urdf/urdf
[0.064s] -- Up-to-date: /home/yushutian/ws01_plumbing/src/install/cpp06_urdf/share/cpp06_urdf/urdf/urdf/demo02_link.urdf
[0.064s] -- Up-to-date: /home/yushutian/ws01_plumbing/src/install/cpp06_urdf/share/cpp06_urdf/urdf/xacro
[0.064s] -- Up-to-date: /home/yushutian/ws01_plumbing/src/install/cpp06_urdf/share/cpp06_urdf/meshes
[0.064s] -- Up-to-date: /home/yushutian/ws01_plumbing/src/install/cpp06_urdf/share/cpp06_urdf/meshes/LF_Link_1.STL
[0.064s] -- Up-to-date: /home/yushutian/ws01_plumbing/src/install/cpp06_urdf/share/cpp06_urdf/meshes/RB_Link_3.STL
[0.064s] -- Up-to-date: /home/yushutian/ws01_plumbing/src/install/cpp06_urdf/share/cpp06_urdf/meshes/LB_Link_2.STL
[0.065s] -- Up-to-date: /home/yushutian/ws01_plumbing/src/install/cpp06_urdf/share/cpp06_urdf/meshes/RB_Link_1.STL
[0.065s] -- Up-to-date: /home/yushutian/ws01_plumbing/src/install/cpp06_urdf/share/cpp06_urdf/meshes/RB_Link_2.STL
[0.065s] -- Up-to-date: /home/yushutian/ws01_plumbing/src/install/cpp06_urdf/share/cpp06_urdf/meshes/RF_Link_3.STL
[0.065s] -- Up-to-date: /home/yushutian/ws01_plumbing/src/install/cpp06_urdf/share/cpp06_urdf/meshes/LB_Link_3.STL
[0.066s] -- Up-to-date: /home/yushutian/ws01_plumbing/src/install/cpp06_urdf/share/cpp06_urdf/meshes/RF_Link_2.STL
[0.066s] -- Up-to-date: /home/yushutian/ws01_plumbing/src/install/cpp06_urdf/share/cpp06_urdf/meshes/RF_Link_1.STL
[0.066s] -- Up-to-date: /home/yushutian/ws01_plumbing/src/install/cpp06_urdf/share/cpp06_urdf/meshes/Camera_Link.STL
[0.066s] -- Up-to-date: /home/yushutian/ws01_plumbing/src/install/cpp06_urdf/share/cpp06_urdf/meshes/LF_Link_3.STL
[0.066s] -- Up-to-date: /home/yushutian/ws01_plumbing/src/install/cpp06_urdf/share/cpp06_urdf/meshes/LF_Link_2.STL
[0.066s] -- Up-to-date: /home/yushutian/ws01_plumbing/src/install/cpp06_urdf/share/cpp06_urdf/meshes/base_link.STL
[0.066s] -- Up-to-date: /home/yushutian/ws01_plumbing/src/install/cpp06_urdf/share/cpp06_urdf/meshes/LB_Link_1.STL
[0.067s] -- Up-to-date: /home/yushutian/ws01_plumbing/src/install/cpp06_urdf/share/cpp06_urdf/meshes/Radar_Link.STL
[0.067s] -- Up-to-date: /home/yushutian/ws01_plumbing/src/install/cpp06_urdf/share/ament_index/resource_index/package_run_dependencies/cpp06_urdf
[0.067s] -- Up-to-date: /home/yushutian/ws01_plumbing/src/install/cpp06_urdf/share/ament_index/resource_index/parent_prefix_path/cpp06_urdf
[0.067s] -- Up-to-date: /home/yushutian/ws01_plumbing/src/install/cpp06_urdf/share/cpp06_urdf/environment/ament_prefix_path.sh
[0.067s] -- Up-to-date: /home/yushutian/ws01_plumbing/src/install/cpp06_urdf/share/cpp06_urdf/environment/ament_prefix_path.dsv
[0.068s] -- Up-to-date: /home/yushutian/ws01_plumbing/src/install/cpp06_urdf/share/cpp06_urdf/environment/path.sh
[0.068s] -- Up-to-date: /home/yushutian/ws01_plumbing/src/install/cpp06_urdf/share/cpp06_urdf/environment/path.dsv
[0.068s] -- Up-to-date: /home/yushutian/ws01_plumbing/src/install/cpp06_urdf/share/cpp06_urdf/local_setup.bash
[0.068s] -- Up-to-date: /home/yushutian/ws01_plumbing/src/install/cpp06_urdf/share/cpp06_urdf/local_setup.sh
[0.068s] -- Up-to-date: /home/yushutian/ws01_plumbing/src/install/cpp06_urdf/share/cpp06_urdf/local_setup.zsh
[0.068s] -- Up-to-date: /home/yushutian/ws01_plumbing/src/install/cpp06_urdf/share/cpp06_urdf/local_setup.dsv
[0.068s] -- Up-to-date: /home/yushutian/ws01_plumbing/src/install/cpp06_urdf/share/cpp06_urdf/package.dsv
[0.068s] -- Up-to-date: /home/yushutian/ws01_plumbing/src/install/cpp06_urdf/share/ament_index/resource_index/packages/cpp06_urdf
[0.068s] -- Up-to-date: /home/yushutian/ws01_plumbing/src/install/cpp06_urdf/share/cpp06_urdf/cmake/cpp06_urdfConfig.cmake
[0.068s] -- Up-to-date: /home/yushutian/ws01_plumbing/src/install/cpp06_urdf/share/cpp06_urdf/cmake/cpp06_urdfConfig-version.cmake
[0.068s] -- Up-to-date: /home/yushutian/ws01_plumbing/src/install/cpp06_urdf/share/cpp06_urdf/package.xml
[0.068s] Invoked command in '/home/yushutian/ws01_plumbing/src/build/cpp06_urdf' returned '0': CMAKE_PREFIX_PATH=${CMAKE_PREFIX_PATH}:/opt/ros/jazzy DEBUGINFOD_URLS=https://debuginfod.ubuntu.com /usr/bin/cmake --install /home/yushutian/ws01_plumbing/src/build/cpp06_urdf
