[0.011s] Invoking command in '/home/yushutian/ws01_plumbing/build/cpp01_topic': CMAKE_PREFIX_PATH=/home/yushutian/ws01_plumbing/install/base_interfaces_demo:/home/yushutian/ws01_plumbing/install/cpp01_topic:/opt/ros/jazzy/opt/gz_math_vendor:/opt/ros/jazzy/opt/gz_utils_vendor:/opt/ros/jazzy/opt/gz_cmake_vendor:/home/yushutian/ws01_plumbing/install/py01_topic:/opt/ros/jazzy DEBUGINFOD_URLS=https://debuginfod.ubuntu.com /usr/bin/cmake --build /home/yushutian/ws01_plumbing/build/cpp01_topic -- -j32 -l32
[0.039s] -- Found ament_cmake: 2.5.5 (/opt/ros/jazzy/share/ament_cmake/cmake)
[0.229s] -- Found rclcpp: 28.1.16 (/opt/ros/jazzy/share/rclcpp/cmake)
[0.248s] -- Found rosidl_generator_c: 4.6.7 (/opt/ros/jazzy/share/rosidl_generator_c/cmake)
[0.254s] -- Found rosidl_generator_cpp: 4.6.7 (/opt/ros/jazzy/share/rosidl_generator_cpp/cmake)
[0.262s] -- Using all available rosidl_typesupport_c: rosidl_typesupport_fastrtps_c;rosidl_typesupport_introspection_c
[0.272s] -- Using all available rosidl_typesupport_cpp: rosidl_typesupport_fastrtps_cpp;rosidl_typesupport_introspection_cpp
[0.316s] -- Found rmw_implementation_cmake: 7.3.3 (/opt/ros/jazzy/share/rmw_implementation_cmake/cmake)
[0.317s] -- Found rmw_fastrtps_cpp: 8.4.3 (/opt/ros/jazzy/share/rmw_fastrtps_cpp/cmake)
[0.379s] -- Using RMW implementation 'rmw_fastrtps_cpp' as default
[0.443s] -- Found std_msgs: 5.3.6 (/opt/ros/jazzy/share/std_msgs/cmake)
[0.452s] -- Found base_interfaces_demo: 0.0.0 (/home/yushutian/ws01_plumbing/install/base_interfaces_demo/share/base_interfaces_demo/cmake)
[0.461s] -- Found ament_lint_auto: 0.17.4 (/opt/ros/jazzy/share/ament_lint_auto/cmake)
[0.535s] -- Added test 'cppcheck' to perform static code analysis on C / C++ code
[0.536s] -- Configured cppcheck include dirs: $<BUILD_INTERFACE:/home/yushutian/ws01_plumbing/src/cpp01_topic/include>
[0.536s] -- Configured cppcheck exclude dirs and/or files: 
[0.536s] -- Added test 'lint_cmake' to check CMake code style
[0.536s] -- Added test 'uncrustify' to check C / C++ code style
[0.536s] -- Configured uncrustify additional arguments: 
[0.536s] -- Added test 'xmllint' to check XML markup files
[0.537s] -- Configuring done (0.5s)
[0.544s] -- Generating done (0.0s)
[0.546s] -- Build files have been written to: /home/yushutian/ws01_plumbing/build/cpp01_topic
[0.583s] [100%] Built target demo01_talker_str
[0.593s] Invoked command in '/home/yushutian/ws01_plumbing/build/cpp01_topic' returned '0': CMAKE_PREFIX_PATH=/home/yushutian/ws01_plumbing/install/base_interfaces_demo:/home/yushutian/ws01_plumbing/install/cpp01_topic:/opt/ros/jazzy/opt/gz_math_vendor:/opt/ros/jazzy/opt/gz_utils_vendor:/opt/ros/jazzy/opt/gz_cmake_vendor:/home/yushutian/ws01_plumbing/install/py01_topic:/opt/ros/jazzy DEBUGINFOD_URLS=https://debuginfod.ubuntu.com /usr/bin/cmake --build /home/yushutian/ws01_plumbing/build/cpp01_topic -- -j32 -l32
[0.594s] Invoking command in '/home/yushutian/ws01_plumbing/build/cpp01_topic': CMAKE_PREFIX_PATH=/home/yushutian/ws01_plumbing/install/base_interfaces_demo:/home/yushutian/ws01_plumbing/install/cpp01_topic:/opt/ros/jazzy/opt/gz_math_vendor:/opt/ros/jazzy/opt/gz_utils_vendor:/opt/ros/jazzy/opt/gz_cmake_vendor:/home/yushutian/ws01_plumbing/install/py01_topic:/opt/ros/jazzy DEBUGINFOD_URLS=https://debuginfod.ubuntu.com /usr/bin/cmake --install /home/yushutian/ws01_plumbing/build/cpp01_topic
[0.601s] -- Install configuration: ""
[0.602s] -- Up-to-date: /home/yushutian/ws01_plumbing/install/cpp01_topic/lib/cpp01_topic/demo01_talker_str
[0.602s] -- Up-to-date: /home/yushutian/ws01_plumbing/install/cpp01_topic/share/ament_index/resource_index/package_run_dependencies/cpp01_topic
[0.602s] -- Up-to-date: /home/yushutian/ws01_plumbing/install/cpp01_topic/share/ament_index/resource_index/parent_prefix_path/cpp01_topic
[0.602s] -- Up-to-date: /home/yushutian/ws01_plumbing/install/cpp01_topic/share/cpp01_topic/environment/ament_prefix_path.sh
[0.602s] -- Up-to-date: /home/yushutian/ws01_plumbing/install/cpp01_topic/share/cpp01_topic/environment/ament_prefix_path.dsv
[0.602s] -- Up-to-date: /home/yushutian/ws01_plumbing/install/cpp01_topic/share/cpp01_topic/environment/path.sh
[0.602s] -- Up-to-date: /home/yushutian/ws01_plumbing/install/cpp01_topic/share/cpp01_topic/environment/path.dsv
[0.602s] -- Up-to-date: /home/yushutian/ws01_plumbing/install/cpp01_topic/share/cpp01_topic/local_setup.bash
[0.602s] -- Up-to-date: /home/yushutian/ws01_plumbing/install/cpp01_topic/share/cpp01_topic/local_setup.sh
[0.602s] -- Up-to-date: /home/yushutian/ws01_plumbing/install/cpp01_topic/share/cpp01_topic/local_setup.zsh
[0.603s] -- Up-to-date: /home/yushutian/ws01_plumbing/install/cpp01_topic/share/cpp01_topic/local_setup.dsv
[0.603s] -- Installing: /home/yushutian/ws01_plumbing/install/cpp01_topic/share/cpp01_topic/package.dsv
[0.603s] -- Up-to-date: /home/yushutian/ws01_plumbing/install/cpp01_topic/share/ament_index/resource_index/packages/cpp01_topic
[0.603s] -- Up-to-date: /home/yushutian/ws01_plumbing/install/cpp01_topic/share/cpp01_topic/cmake/cpp01_topicConfig.cmake
[0.603s] -- Up-to-date: /home/yushutian/ws01_plumbing/install/cpp01_topic/share/cpp01_topic/cmake/cpp01_topicConfig-version.cmake
[0.603s] -- Up-to-date: /home/yushutian/ws01_plumbing/install/cpp01_topic/share/cpp01_topic/package.xml
[0.604s] Invoked command in '/home/yushutian/ws01_plumbing/build/cpp01_topic' returned '0': CMAKE_PREFIX_PATH=/home/yushutian/ws01_plumbing/install/base_interfaces_demo:/home/yushutian/ws01_plumbing/install/cpp01_topic:/opt/ros/jazzy/opt/gz_math_vendor:/opt/ros/jazzy/opt/gz_utils_vendor:/opt/ros/jazzy/opt/gz_cmake_vendor:/home/yushutian/ws01_plumbing/install/py01_topic:/opt/ros/jazzy DEBUGINFOD_URLS=https://debuginfod.ubuntu.com /usr/bin/cmake --install /home/yushutian/ws01_plumbing/build/cpp01_topic
