[0.009s] Invoking command in '/home/yushutian/ws01_plumbing/build/base_interfaces_demo': CMAKE_PREFIX_PATH=${CMAKE_PREFIX_PATH}:/opt/ros/jazzy DEBUGINFOD_URLS=https://debuginfod.ubuntu.com /usr/bin/cmake /home/yushutian/ws01_plumbing/src/base_interfaces_demo -DPYTHON_EXECUTABLE=/usr/bin/python3 -DPYTHON_INCLUDE_DIR=/usr/include/python3.12 -DPYTHON_LIBRARY=/usr/lib/x86_64-linux-gnu/libpython3.12.so -DCMAKE_INSTALL_PREFIX=/home/yushutian/ws01_plumbing/install/base_interfaces_demo
[0.078s] -- The C compiler identification is GNU 13.3.0
[0.137s] -- The CXX compiler identification is GNU 13.3.0
[0.155s] -- Detecting C compiler ABI info
[0.231s] -- Detecting C compiler ABI info - done
[0.245s] -- Check for working C compiler: /usr/bin/cc - skipped
[0.246s] -- Detecting C compile features
[0.247s] -- Detecting C compile features - done
[0.255s] -- Detecting CXX compiler ABI info
[0.351s] -- Detecting CXX compiler ABI info - done
[0.358s] -- Check for working CXX compiler: /usr/bin/c++ - skipped
[0.358s] -- Detecting CXX compile features
[0.358s] -- Detecting CXX compile features - done
[0.363s] -- Found ament_cmake: 2.5.5 (/opt/ros/jazzy/share/ament_cmake/cmake)
[0.474s] -- Found Python3: /usr/bin/python3 (found version "3.12.3") found components: Interpreter 
[0.556s] -- Found ament_lint_auto: 0.17.4 (/opt/ros/jazzy/share/ament_lint_auto/cmake)
[0.632s] -- Added test 'lint_cmake' to check CMake code style
[0.633s] -- Added test 'xmllint' to check XML markup files
[0.634s] -- Configuring done (0.6s)
[0.636s] -- Generating done (0.0s)
[0.636s] [33mCMake Warning:
[0.636s]   Manually-specified variables were not used by the project:
[0.636s] 
[0.636s]     PYTHON_EXECUTABLE
[0.636s]     PYTHON_INCLUDE_DIR
[0.636s]     PYTHON_LIBRARY
[0.636s] 
[0.636s] [0m
[0.637s] -- Build files have been written to: /home/yushutian/ws01_plumbing/build/base_interfaces_demo
[0.641s] Invoked command in '/home/yushutian/ws01_plumbing/build/base_interfaces_demo' returned '0': CMAKE_PREFIX_PATH=${CMAKE_PREFIX_PATH}:/opt/ros/jazzy DEBUGINFOD_URLS=https://debuginfod.ubuntu.com /usr/bin/cmake /home/yushutian/ws01_plumbing/src/base_interfaces_demo -DPYTHON_EXECUTABLE=/usr/bin/python3 -DPYTHON_INCLUDE_DIR=/usr/include/python3.12 -DPYTHON_LIBRARY=/usr/lib/x86_64-linux-gnu/libpython3.12.so -DCMAKE_INSTALL_PREFIX=/home/yushutian/ws01_plumbing/install/base_interfaces_demo
[0.642s] Invoking command in '/home/yushutian/ws01_plumbing/build/base_interfaces_demo': CMAKE_PREFIX_PATH=${CMAKE_PREFIX_PATH}:/opt/ros/jazzy DEBUGINFOD_URLS=https://debuginfod.ubuntu.com /usr/bin/cmake --build /home/yushutian/ws01_plumbing/build/base_interfaces_demo -- -j32 -l32
[0.682s] Invoked command in '/home/yushutian/ws01_plumbing/build/base_interfaces_demo' returned '0': CMAKE_PREFIX_PATH=${CMAKE_PREFIX_PATH}:/opt/ros/jazzy DEBUGINFOD_URLS=https://debuginfod.ubuntu.com /usr/bin/cmake --build /home/yushutian/ws01_plumbing/build/base_interfaces_demo -- -j32 -l32
[0.702s] Invoking command in '/home/yushutian/ws01_plumbing/build/base_interfaces_demo': CMAKE_PREFIX_PATH=${CMAKE_PREFIX_PATH}:/opt/ros/jazzy DEBUGINFOD_URLS=https://debuginfod.ubuntu.com /usr/bin/cmake --install /home/yushutian/ws01_plumbing/build/base_interfaces_demo
[0.717s] -- Install configuration: ""
[0.718s] -- Installing: /home/yushutian/ws01_plumbing/install/base_interfaces_demo/share/ament_index/resource_index/package_run_dependencies/base_interfaces_demo
[0.718s] -- Installing: /home/yushutian/ws01_plumbing/install/base_interfaces_demo/share/ament_index/resource_index/parent_prefix_path/base_interfaces_demo
[0.718s] -- Installing: /home/yushutian/ws01_plumbing/install/base_interfaces_demo/share/base_interfaces_demo/environment/ament_prefix_path.sh
[0.718s] -- Installing: /home/yushutian/ws01_plumbing/install/base_interfaces_demo/share/base_interfaces_demo/environment/ament_prefix_path.dsv
[0.719s] -- Installing: /home/yushutian/ws01_plumbing/install/base_interfaces_demo/share/base_interfaces_demo/environment/path.sh
[0.719s] -- Installing: /home/yushutian/ws01_plumbing/install/base_interfaces_demo/share/base_interfaces_demo/environment/path.dsv
[0.719s] -- Installing: /home/yushutian/ws01_plumbing/install/base_interfaces_demo/share/base_interfaces_demo/local_setup.bash
[0.719s] -- Installing: /home/yushutian/ws01_plumbing/install/base_interfaces_demo/share/base_interfaces_demo/local_setup.sh
[0.719s] -- Installing: /home/yushutian/ws01_plumbing/install/base_interfaces_demo/share/base_interfaces_demo/local_setup.zsh
[0.719s] -- Installing: /home/yushutian/ws01_plumbing/install/base_interfaces_demo/share/base_interfaces_demo/local_setup.dsv
[0.720s] -- Installing: /home/yushutian/ws01_plumbing/install/base_interfaces_demo/share/base_interfaces_demo/package.dsv
[0.720s] -- Installing: /home/yushutian/ws01_plumbing/install/base_interfaces_demo/share/ament_index/resource_index/packages/base_interfaces_demo
[0.720s] -- Installing: /home/yushutian/ws01_plumbing/install/base_interfaces_demo/share/base_interfaces_demo/cmake/base_interfaces_demoConfig.cmake
[0.721s] -- Installing: /home/yushutian/ws01_plumbing/install/base_interfaces_demo/share/base_interfaces_demo/cmake/base_interfaces_demoConfig-version.cmake
[0.721s] -- Installing: /home/yushutian/ws01_plumbing/install/base_interfaces_demo/share/base_interfaces_demo/package.xml
[0.723s] Invoked command in '/home/yushutian/ws01_plumbing/build/base_interfaces_demo' returned '0': CMAKE_PREFIX_PATH=${CMAKE_PREFIX_PATH}:/opt/ros/jazzy DEBUGINFOD_URLS=https://debuginfod.ubuntu.com /usr/bin/cmake --install /home/yushutian/ws01_plumbing/build/base_interfaces_demo
