[0.010s] Invoking command in '/home/yushutian/ws01_plumbing/build/cpp_sub': CMAKE_PREFIX_PATH=/home/yushutian/ws01_plumbing/install/base_interfaces_demo:/home/yushutian/ws01_plumbing/install/cpp_sub:/home/yushutian/ws01_plumbing/install/cpp_pub:/home/yushutian/ws01_plumbing/install/cpp01_topic:/opt/ros/jazzy/opt/gz_math_vendor:/opt/ros/jazzy/opt/gz_utils_vendor:/opt/ros/jazzy/opt/gz_cmake_vendor:/home/yushutian/ws01_plumbing/install/py01_topic:/opt/ros/jazzy DEBUGINFOD_URLS=https://debuginfod.ubuntu.com /usr/bin/cmake --build /home/yushutian/ws01_plumbing/build/cpp_sub -- -j32 -l32
[0.181s] Invoked command in '/home/yushutian/ws01_plumbing/build/cpp_sub' returned '0': CMAKE_PREFIX_PATH=/home/yushutian/ws01_plumbing/install/base_interfaces_demo:/home/yushutian/ws01_plumbing/install/cpp_sub:/home/yushutian/ws01_plumbing/install/cpp_pub:/home/yushutian/ws01_plumbing/install/cpp01_topic:/opt/ros/jazzy/opt/gz_math_vendor:/opt/ros/jazzy/opt/gz_utils_vendor:/opt/ros/jazzy/opt/gz_cmake_vendor:/home/yushutian/ws01_plumbing/install/py01_topic:/opt/ros/jazzy DEBUGINFOD_URLS=https://debuginfod.ubuntu.com /usr/bin/cmake --build /home/yushutian/ws01_plumbing/build/cpp_sub -- -j32 -l32
[0.182s] Invoking command in '/home/yushutian/ws01_plumbing/build/cpp_sub': CMAKE_PREFIX_PATH=/home/yushutian/ws01_plumbing/install/base_interfaces_demo:/home/yushutian/ws01_plumbing/install/cpp_sub:/home/yushutian/ws01_plumbing/install/cpp_pub:/home/yushutian/ws01_plumbing/install/cpp01_topic:/opt/ros/jazzy/opt/gz_math_vendor:/opt/ros/jazzy/opt/gz_utils_vendor:/opt/ros/jazzy/opt/gz_cmake_vendor:/home/yushutian/ws01_plumbing/install/py01_topic:/opt/ros/jazzy DEBUGINFOD_URLS=https://debuginfod.ubuntu.com /usr/bin/cmake --install /home/yushutian/ws01_plumbing/build/cpp_sub
[0.187s] -- Install configuration: ""
[0.187s] -- Up-to-date: /home/yushutian/ws01_plumbing/install/cpp_sub/share/ament_index/resource_index/package_run_dependencies/cpp_sub
[0.187s] -- Up-to-date: /home/yushutian/ws01_plumbing/install/cpp_sub/share/ament_index/resource_index/parent_prefix_path/cpp_sub
[0.187s] -- Up-to-date: /home/yushutian/ws01_plumbing/install/cpp_sub/share/cpp_sub/environment/ament_prefix_path.sh
[0.187s] -- Up-to-date: /home/yushutian/ws01_plumbing/install/cpp_sub/share/cpp_sub/environment/ament_prefix_path.dsv
[0.188s] -- Up-to-date: /home/yushutian/ws01_plumbing/install/cpp_sub/share/cpp_sub/environment/path.sh
[0.188s] -- Up-to-date: /home/yushutian/ws01_plumbing/install/cpp_sub/share/cpp_sub/environment/path.dsv
[0.188s] -- Up-to-date: /home/yushutian/ws01_plumbing/install/cpp_sub/share/cpp_sub/local_setup.bash
[0.188s] -- Up-to-date: /home/yushutian/ws01_plumbing/install/cpp_sub/share/cpp_sub/local_setup.sh
[0.188s] -- Up-to-date: /home/yushutian/ws01_plumbing/install/cpp_sub/share/cpp_sub/local_setup.zsh
[0.188s] -- Up-to-date: /home/yushutian/ws01_plumbing/install/cpp_sub/share/cpp_sub/local_setup.dsv
[0.188s] -- Up-to-date: /home/yushutian/ws01_plumbing/install/cpp_sub/share/cpp_sub/package.dsv
[0.188s] -- Up-to-date: /home/yushutian/ws01_plumbing/install/cpp_sub/share/ament_index/resource_index/packages/cpp_sub
[0.188s] -- Up-to-date: /home/yushutian/ws01_plumbing/install/cpp_sub/share/cpp_sub/cmake/cpp_subConfig.cmake
[0.188s] -- Up-to-date: /home/yushutian/ws01_plumbing/install/cpp_sub/share/cpp_sub/cmake/cpp_subConfig-version.cmake
[0.188s] -- Up-to-date: /home/yushutian/ws01_plumbing/install/cpp_sub/share/cpp_sub/package.xml
[0.198s] Invoked command in '/home/yushutian/ws01_plumbing/build/cpp_sub' returned '0': CMAKE_PREFIX_PATH=/home/yushutian/ws01_plumbing/install/base_interfaces_demo:/home/yushutian/ws01_plumbing/install/cpp_sub:/home/yushutian/ws01_plumbing/install/cpp_pub:/home/yushutian/ws01_plumbing/install/cpp01_topic:/opt/ros/jazzy/opt/gz_math_vendor:/opt/ros/jazzy/opt/gz_utils_vendor:/opt/ros/jazzy/opt/gz_cmake_vendor:/home/yushutian/ws01_plumbing/install/py01_topic:/opt/ros/jazzy DEBUGINFOD_URLS=https://debuginfod.ubuntu.com /usr/bin/cmake --install /home/yushutian/ws01_plumbing/build/cpp_sub
