[0.013s] Invoking command in '/home/yushutian/ws01_plumbing/build/cpp02_service': CMAKE_PREFIX_PATH=/home/yushutian/ws01_plumbing/install/base_interfaces_demo:/home/yushutian/ws01_plumbing/install/cpp_sub:/home/yushutian/ws01_plumbing/install/cpp_pub:/home/yushutian/ws01_plumbing/install/cpp01_topic:/opt/ros/jazzy/opt/gz_math_vendor:/opt/ros/jazzy/opt/gz_utils_vendor:/opt/ros/jazzy/opt/gz_cmake_vendor:/home/yushutian/ws01_plumbing/install/py01_topic:/opt/ros/jazzy DEBUGINFOD_URLS=https://debuginfod.ubuntu.com PYTHONPATH=/home/yushutian/ws01_plumbing/install/base_interfaces_demo/lib/python3.12/site-packages:/home/yushutian/ws01_plumbing/install/py01_topic/lib/python3.12/site-packages:/opt/ros/jazzy/lib/python3.12/site-packages /usr/bin/cmake /home/yushutian/ws01_plumbing/src/cpp02_service -DPYTHON_EXECUTABLE=/usr/bin/python3 -DPYTHON_INCLUDE_DIR=/usr/include/python3.12 -DPYTHON_LIBRARY=/usr/lib/x86_64-linux-gnu/libpython3.12.so -DCMAKE_INSTALL_PREFIX=/home/yushutian/ws01_plumbing/install/cpp02_service
[0.077s] -- The C compiler identification is GNU 13.3.0
[0.132s] -- The CXX compiler identification is GNU 13.3.0
[0.149s] -- Detecting C compiler ABI info
[0.227s] -- Detecting C compiler ABI info - done
[0.233s] -- Check for working C compiler: /usr/bin/cc - skipped
[0.235s] -- Detecting C compile features
[0.235s] -- Detecting C compile features - done
[0.246s] -- Detecting CXX compiler ABI info
[0.373s] -- Detecting CXX compiler ABI info - done
[0.381s] -- Check for working CXX compiler: /usr/bin/c++ - skipped
[0.381s] -- Detecting CXX compile features
[0.382s] -- Detecting CXX compile features - done
[0.387s] -- Found ament_cmake: 2.5.5 (/opt/ros/jazzy/share/ament_cmake/cmake)
[0.536s] -- Found Python3: /usr/bin/python3 (found version "3.12.3") found components: Interpreter 
[0.639s] -- Found rclcpp: 28.1.16 (/opt/ros/jazzy/share/rclcpp/cmake)
[0.667s] -- Found rosidl_generator_c: 4.6.7 (/opt/ros/jazzy/share/rosidl_generator_c/cmake)
[0.676s] -- Found rosidl_generator_cpp: 4.6.7 (/opt/ros/jazzy/share/rosidl_generator_cpp/cmake)
[0.689s] -- Using all available rosidl_typesupport_c: rosidl_typesupport_fastrtps_c;rosidl_typesupport_introspection_c
[0.701s] -- Using all available rosidl_typesupport_cpp: rosidl_typesupport_fastrtps_cpp;rosidl_typesupport_introspection_cpp
[0.761s] -- Found rmw_implementation_cmake: 7.3.3 (/opt/ros/jazzy/share/rmw_implementation_cmake/cmake)
[0.764s] -- Found rmw_fastrtps_cpp: 8.4.3 (/opt/ros/jazzy/share/rmw_fastrtps_cpp/cmake)
[0.866s] -- Found OpenSSL: /usr/lib/x86_64-linux-gnu/libcrypto.so (found version "3.0.13")  
[0.892s] -- Found FastRTPS: /opt/ros/jazzy/include (Required is at least version "2.13") 
[0.921s] -- Using RMW implementation 'rmw_fastrtps_cpp' as default
[0.981s] -- Found base_interfaces_demo: 0.0.0 (/home/yushutian/ws01_plumbing/install/base_interfaces_demo/share/base_interfaces_demo/cmake)
[0.994s] -- Found ament_lint_auto: 0.17.4 (/opt/ros/jazzy/share/ament_lint_auto/cmake)
[1.068s] -- Added test 'cppcheck' to perform static code analysis on C / C++ code
[1.068s] -- Configured cppcheck include dirs: $<BUILD_INTERFACE:/home/yushutian/ws01_plumbing/src/cpp02_service/include>
[1.068s] -- Configured cppcheck exclude dirs and/or files: 
[1.069s] -- Added test 'lint_cmake' to check CMake code style
[1.069s] -- Added test 'uncrustify' to check C / C++ code style
[1.070s] -- Configured uncrustify additional arguments: 
[1.070s] -- Added test 'xmllint' to check XML markup files
[1.071s] -- Configuring done (1.1s)
[1.079s] -- Generating done (0.0s)
[1.080s] [33mCMake Warning:
[1.080s]   Manually-specified variables were not used by the project:
[1.081s] 
[1.081s]     PYTHON_EXECUTABLE
[1.081s]     PYTHON_INCLUDE_DIR
[1.081s]     PYTHON_LIBRARY
[1.081s] 
[1.081s] [0m
[1.083s] -- Build files have been written to: /home/yushutian/ws01_plumbing/build/cpp02_service
[1.090s] Invoked command in '/home/yushutian/ws01_plumbing/build/cpp02_service' returned '0': CMAKE_PREFIX_PATH=/home/yushutian/ws01_plumbing/install/base_interfaces_demo:/home/yushutian/ws01_plumbing/install/cpp_sub:/home/yushutian/ws01_plumbing/install/cpp_pub:/home/yushutian/ws01_plumbing/install/cpp01_topic:/opt/ros/jazzy/opt/gz_math_vendor:/opt/ros/jazzy/opt/gz_utils_vendor:/opt/ros/jazzy/opt/gz_cmake_vendor:/home/yushutian/ws01_plumbing/install/py01_topic:/opt/ros/jazzy DEBUGINFOD_URLS=https://debuginfod.ubuntu.com PYTHONPATH=/home/yushutian/ws01_plumbing/install/base_interfaces_demo/lib/python3.12/site-packages:/home/yushutian/ws01_plumbing/install/py01_topic/lib/python3.12/site-packages:/opt/ros/jazzy/lib/python3.12/site-packages /usr/bin/cmake /home/yushutian/ws01_plumbing/src/cpp02_service -DPYTHON_EXECUTABLE=/usr/bin/python3 -DPYTHON_INCLUDE_DIR=/usr/include/python3.12 -DPYTHON_LIBRARY=/usr/lib/x86_64-linux-gnu/libpython3.12.so -DCMAKE_INSTALL_PREFIX=/home/yushutian/ws01_plumbing/install/cpp02_service
[1.091s] Invoking command in '/home/yushutian/ws01_plumbing/build/cpp02_service': CMAKE_PREFIX_PATH=/home/yushutian/ws01_plumbing/install/base_interfaces_demo:/home/yushutian/ws01_plumbing/install/cpp_sub:/home/yushutian/ws01_plumbing/install/cpp_pub:/home/yushutian/ws01_plumbing/install/cpp01_topic:/opt/ros/jazzy/opt/gz_math_vendor:/opt/ros/jazzy/opt/gz_utils_vendor:/opt/ros/jazzy/opt/gz_cmake_vendor:/home/yushutian/ws01_plumbing/install/py01_topic:/opt/ros/jazzy DEBUGINFOD_URLS=https://debuginfod.ubuntu.com PYTHONPATH=/home/yushutian/ws01_plumbing/install/base_interfaces_demo/lib/python3.12/site-packages:/home/yushutian/ws01_plumbing/install/py01_topic/lib/python3.12/site-packages:/opt/ros/jazzy/lib/python3.12/site-packages /usr/bin/cmake --build /home/yushutian/ws01_plumbing/build/cpp02_service -- -j32 -l32
[1.131s] [ 25%] [32mBuilding CXX object CMakeFiles/demo02_client.dir/src/demo02_client.cpp.o[0m
[1.134s] [ 50%] [32mBuilding CXX object CMakeFiles/demo01_server.dir/src/demo01_server.cpp.o[0m
[3.511s] [ 75%] [32m[1mLinking CXX executable demo01_server[0m
[3.595s] [100%] [32m[1mLinking CXX executable demo02_client[0m
[3.612s] [100%] Built target demo01_server
[3.697s] [100%] Built target demo02_client
[3.707s] Invoked command in '/home/yushutian/ws01_plumbing/build/cpp02_service' returned '0': CMAKE_PREFIX_PATH=/home/yushutian/ws01_plumbing/install/base_interfaces_demo:/home/yushutian/ws01_plumbing/install/cpp_sub:/home/yushutian/ws01_plumbing/install/cpp_pub:/home/yushutian/ws01_plumbing/install/cpp01_topic:/opt/ros/jazzy/opt/gz_math_vendor:/opt/ros/jazzy/opt/gz_utils_vendor:/opt/ros/jazzy/opt/gz_cmake_vendor:/home/yushutian/ws01_plumbing/install/py01_topic:/opt/ros/jazzy DEBUGINFOD_URLS=https://debuginfod.ubuntu.com PYTHONPATH=/home/yushutian/ws01_plumbing/install/base_interfaces_demo/lib/python3.12/site-packages:/home/yushutian/ws01_plumbing/install/py01_topic/lib/python3.12/site-packages:/opt/ros/jazzy/lib/python3.12/site-packages /usr/bin/cmake --build /home/yushutian/ws01_plumbing/build/cpp02_service -- -j32 -l32
[3.715s] Invoking command in '/home/yushutian/ws01_plumbing/build/cpp02_service': CMAKE_PREFIX_PATH=/home/yushutian/ws01_plumbing/install/base_interfaces_demo:/home/yushutian/ws01_plumbing/install/cpp_sub:/home/yushutian/ws01_plumbing/install/cpp_pub:/home/yushutian/ws01_plumbing/install/cpp01_topic:/opt/ros/jazzy/opt/gz_math_vendor:/opt/ros/jazzy/opt/gz_utils_vendor:/opt/ros/jazzy/opt/gz_cmake_vendor:/home/yushutian/ws01_plumbing/install/py01_topic:/opt/ros/jazzy DEBUGINFOD_URLS=https://debuginfod.ubuntu.com PYTHONPATH=/home/yushutian/ws01_plumbing/install/base_interfaces_demo/lib/python3.12/site-packages:/home/yushutian/ws01_plumbing/install/py01_topic/lib/python3.12/site-packages:/opt/ros/jazzy/lib/python3.12/site-packages /usr/bin/cmake --install /home/yushutian/ws01_plumbing/build/cpp02_service
[3.726s] -- Install configuration: ""
[3.727s] -- Installing: /home/yushutian/ws01_plumbing/install/cpp02_service/lib/cpp02_service/demo01_server
[3.728s] -- Set non-toolchain portion of runtime path of "/home/yushutian/ws01_plumbing/install/cpp02_service/lib/cpp02_service/demo01_server" to ""
[3.728s] -- Installing: /home/yushutian/ws01_plumbing/install/cpp02_service/lib/cpp02_service/demo02_client
[3.729s] -- Set non-toolchain portion of runtime path of "/home/yushutian/ws01_plumbing/install/cpp02_service/lib/cpp02_service/demo02_client" to ""
[3.730s] -- Installing: /home/yushutian/ws01_plumbing/install/cpp02_service/share/ament_index/resource_index/package_run_dependencies/cpp02_service
[3.730s] -- Installing: /home/yushutian/ws01_plumbing/install/cpp02_service/share/ament_index/resource_index/parent_prefix_path/cpp02_service
[3.731s] -- Installing: /home/yushutian/ws01_plumbing/install/cpp02_service/share/cpp02_service/environment/ament_prefix_path.sh
[3.731s] -- Installing: /home/yushutian/ws01_plumbing/install/cpp02_service/share/cpp02_service/environment/ament_prefix_path.dsv
[3.731s] -- Installing: /home/yushutian/ws01_plumbing/install/cpp02_service/share/cpp02_service/environment/path.sh
[3.731s] -- Installing: /home/yushutian/ws01_plumbing/install/cpp02_service/share/cpp02_service/environment/path.dsv
[3.732s] -- Installing: /home/yushutian/ws01_plumbing/install/cpp02_service/share/cpp02_service/local_setup.bash
[3.732s] -- Installing: /home/yushutian/ws01_plumbing/install/cpp02_service/share/cpp02_service/local_setup.sh
[3.732s] -- Installing: /home/yushutian/ws01_plumbing/install/cpp02_service/share/cpp02_service/local_setup.zsh
[3.732s] -- Installing: /home/yushutian/ws01_plumbing/install/cpp02_service/share/cpp02_service/local_setup.dsv
[3.732s] -- Installing: /home/yushutian/ws01_plumbing/install/cpp02_service/share/cpp02_service/package.dsv
[3.733s] -- Installing: /home/yushutian/ws01_plumbing/install/cpp02_service/share/ament_index/resource_index/packages/cpp02_service
[3.733s] -- Installing: /home/yushutian/ws01_plumbing/install/cpp02_service/share/cpp02_service/cmake/cpp02_serviceConfig.cmake
[3.733s] -- Installing: /home/yushutian/ws01_plumbing/install/cpp02_service/share/cpp02_service/cmake/cpp02_serviceConfig-version.cmake
[3.733s] -- Installing: /home/yushutian/ws01_plumbing/install/cpp02_service/share/cpp02_service/package.xml
[3.735s] Invoked command in '/home/yushutian/ws01_plumbing/build/cpp02_service' returned '0': CMAKE_PREFIX_PATH=/home/yushutian/ws01_plumbing/install/base_interfaces_demo:/home/yushutian/ws01_plumbing/install/cpp_sub:/home/yushutian/ws01_plumbing/install/cpp_pub:/home/yushutian/ws01_plumbing/install/cpp01_topic:/opt/ros/jazzy/opt/gz_math_vendor:/opt/ros/jazzy/opt/gz_utils_vendor:/opt/ros/jazzy/opt/gz_cmake_vendor:/home/yushutian/ws01_plumbing/install/py01_topic:/opt/ros/jazzy DEBUGINFOD_URLS=https://debuginfod.ubuntu.com PYTHONPATH=/home/yushutian/ws01_plumbing/install/base_interfaces_demo/lib/python3.12/site-packages:/home/yushutian/ws01_plumbing/install/py01_topic/lib/python3.12/site-packages:/opt/ros/jazzy/lib/python3.12/site-packages /usr/bin/cmake --install /home/yushutian/ws01_plumbing/build/cpp02_service
