[0.007s] Invoking command in '/home/yushutian/ws01_plumbing/build/cpp01_topic': AMENT_PREFIX_PATH=/home/yushutian/ws01_plumbing/install/base_interfaces_demo:${AMENT_PREFIX_PATH} CMAKE_PREFIX_PATH=/home/yushutian/ws01_plumbing/install/base_interfaces_demo:/opt/ros/jazzy/opt/gz_math_vendor:/opt/ros/jazzy/opt/gz_utils_vendor:/opt/ros/jazzy/opt/gz_cmake_vendor:/opt/ros/jazzy DEBUGINFOD_URLS=https://debuginfod.ubuntu.com /usr/bin/cmake --build /home/yushutian/ws01_plumbing/build/cpp01_topic -- -j32 -l32
[0.067s] [100%] Built target demo01_talker_str
[0.158s] Invoked command in '/home/yushutian/ws01_plumbing/build/cpp01_topic' returned '0': AMENT_PREFIX_PATH=/home/yushutian/ws01_plumbing/install/base_interfaces_demo:${AMENT_PREFIX_PATH} CMAKE_PREFIX_PATH=/home/yushutian/ws01_plumbing/install/base_interfaces_demo:/opt/ros/jazzy/opt/gz_math_vendor:/opt/ros/jazzy/opt/gz_utils_vendor:/opt/ros/jazzy/opt/gz_cmake_vendor:/opt/ros/jazzy DEBUGINFOD_URLS=https://debuginfod.ubuntu.com /usr/bin/cmake --build /home/yushutian/ws01_plumbing/build/cpp01_topic -- -j32 -l32
[0.159s] Invoking command in '/home/yushutian/ws01_plumbing/build/cpp01_topic': AMENT_PREFIX_PATH=/home/yushutian/ws01_plumbing/install/base_interfaces_demo:${AMENT_PREFIX_PATH} CMAKE_PREFIX_PATH=/home/yushutian/ws01_plumbing/install/base_interfaces_demo:/opt/ros/jazzy/opt/gz_math_vendor:/opt/ros/jazzy/opt/gz_utils_vendor:/opt/ros/jazzy/opt/gz_cmake_vendor:/opt/ros/jazzy DEBUGINFOD_URLS=https://debuginfod.ubuntu.com /usr/bin/cmake --install /home/yushutian/ws01_plumbing/build/cpp01_topic
[0.168s] -- Install configuration: ""
[0.169s] -- Up-to-date: /home/yushutian/ws01_plumbing/install/cpp01_topic/lib/cpp01_topic/demo01_talker_str
[0.169s] -- Up-to-date: /home/yushutian/ws01_plumbing/install/cpp01_topic/share/ament_index/resource_index/package_run_dependencies/cpp01_topic
[0.169s] -- Up-to-date: /home/yushutian/ws01_plumbing/install/cpp01_topic/share/ament_index/resource_index/parent_prefix_path/cpp01_topic
[0.169s] -- Up-to-date: /home/yushutian/ws01_plumbing/install/cpp01_topic/share/cpp01_topic/environment/ament_prefix_path.sh
[0.169s] -- Up-to-date: /home/yushutian/ws01_plumbing/install/cpp01_topic/share/cpp01_topic/environment/ament_prefix_path.dsv
[0.169s] -- Up-to-date: /home/yushutian/ws01_plumbing/install/cpp01_topic/share/cpp01_topic/environment/path.sh
[0.169s] -- Up-to-date: /home/yushutian/ws01_plumbing/install/cpp01_topic/share/cpp01_topic/environment/path.dsv
[0.169s] -- Up-to-date: /home/yushutian/ws01_plumbing/install/cpp01_topic/share/cpp01_topic/local_setup.bash
[0.169s] -- Up-to-date: /home/yushutian/ws01_plumbing/install/cpp01_topic/share/cpp01_topic/local_setup.sh
[0.169s] -- Up-to-date: /home/yushutian/ws01_plumbing/install/cpp01_topic/share/cpp01_topic/local_setup.zsh
[0.170s] -- Up-to-date: /home/yushutian/ws01_plumbing/install/cpp01_topic/share/cpp01_topic/local_setup.dsv
[0.170s] -- Installing: /home/yushutian/ws01_plumbing/install/cpp01_topic/share/cpp01_topic/package.dsv
[0.170s] -- Up-to-date: /home/yushutian/ws01_plumbing/install/cpp01_topic/share/ament_index/resource_index/packages/cpp01_topic
[0.170s] -- Up-to-date: /home/yushutian/ws01_plumbing/install/cpp01_topic/share/cpp01_topic/cmake/cpp01_topicConfig.cmake
[0.170s] -- Up-to-date: /home/yushutian/ws01_plumbing/install/cpp01_topic/share/cpp01_topic/cmake/cpp01_topicConfig-version.cmake
[0.170s] -- Up-to-date: /home/yushutian/ws01_plumbing/install/cpp01_topic/share/cpp01_topic/package.xml
[0.172s] Invoked command in '/home/yushutian/ws01_plumbing/build/cpp01_topic' returned '0': AMENT_PREFIX_PATH=/home/yushutian/ws01_plumbing/install/base_interfaces_demo:${AMENT_PREFIX_PATH} CMAKE_PREFIX_PATH=/home/yushutian/ws01_plumbing/install/base_interfaces_demo:/opt/ros/jazzy/opt/gz_math_vendor:/opt/ros/jazzy/opt/gz_utils_vendor:/opt/ros/jazzy/opt/gz_cmake_vendor:/opt/ros/jazzy DEBUGINFOD_URLS=https://debuginfod.ubuntu.com /usr/bin/cmake --install /home/yushutian/ws01_plumbing/build/cpp01_topic
