[0.009s] Invoking command in '/home/yushutian/ws01_plumbing/build/base_interfaces_demo': CMAKE_PREFIX_PATH=${CMAKE_PREFIX_PATH}:/home/yushutian/ws01_plumbing/install/py01_topic:/opt/ros/jazzy DEBUGINFOD_URLS=https://debuginfod.ubuntu.com /usr/bin/cmake --build /home/yushutian/ws01_plumbing/build/base_interfaces_demo -- -j32 -l32
[0.035s] -- Found ament_cmake: 2.5.5 (/opt/ros/jazzy/share/ament_cmake/cmake)
[0.123s] [31mCMake Error at CMakeLists.txt:18 (find_package):
[0.124s]   find_package called with invalid argument "REQUIRD"
[0.124s] 
[0.124s] [0m
[0.124s] -- Found rosidl_default_generators: 1.6.0 (/opt/ros/jazzy/share/rosidl_default_generators/cmake)
[0.126s] -- Using all available rosidl_typesupport_c: rosidl_typesupport_fastrtps_c;rosidl_typesupport_introspection_c
[0.151s] -- Using all available rosidl_typesupport_cpp: rosidl_typesupport_fastrtps_cpp;rosidl_typesupport_introspection_cpp
[0.170s] -- Found rosidl_adapter: 4.6.7 (/opt/ros/jazzy/share/rosidl_adapter/cmake)
[0.391s] -- Found ament_cmake_ros: 0.12.0 (/opt/ros/jazzy/share/ament_cmake_ros/cmake)
[0.479s] -- Using all available rosidl_typesupport_c: rosidl_typesupport_fastrtps_c;rosidl_typesupport_introspection_c
[0.599s] -- Using all available rosidl_typesupport_cpp: rosidl_typesupport_fastrtps_cpp;rosidl_typesupport_introspection_cpp
[0.601s] -- Found python_cmake_module: 0.11.1 (/opt/ros/jazzy/share/python_cmake_module/cmake)
[0.840s] -- Found Python3: /usr/bin/python3 (found version "3.12.3") found components: Interpreter Development NumPy Development.Module Development.Embed 
[0.851s] -- Found ament_lint_auto: 0.17.4 (/opt/ros/jazzy/share/ament_lint_auto/cmake)
[0.861s] -- Added test 'lint_cmake' to check CMake code style
[0.862s] -- Added test 'xmllint' to check XML markup files
[0.863s] -- Configuring incomplete, errors occurred!
[0.868s] gmake: *** [Makefile:815：cmake_check_build_system] 错误 1
[0.871s] Invoked command in '/home/yushutian/ws01_plumbing/build/base_interfaces_demo' returned '2': CMAKE_PREFIX_PATH=${CMAKE_PREFIX_PATH}:/home/yushutian/ws01_plumbing/install/py01_topic:/opt/ros/jazzy DEBUGINFOD_URLS=https://debuginfod.ubuntu.com /usr/bin/cmake --build /home/yushutian/ws01_plumbing/build/base_interfaces_demo -- -j32 -l32
