[0.009s] Invoking command in '/home/yushutian/ws01_plumbing/build/cpp_sub': CMAKE_PREFIX_PATH=/home/yushutian/ws01_plumbing/install/base_interfaces_demo:/home/yushutian/ws01_plumbing/install/cpp01_topic:/opt/ros/jazzy/opt/gz_math_vendor:/opt/ros/jazzy/opt/gz_utils_vendor:/opt/ros/jazzy/opt/gz_cmake_vendor:/home/yushutian/ws01_plumbing/install/py01_topic:/opt/ros/jazzy DEBUGINFOD_URLS=https://debuginfod.ubuntu.com /usr/bin/cmake /home/yushutian/ws01_plumbing/cpp_sub -DPYTHON_EXECUTABLE=/usr/bin/python3 -DPYTHON_INCLUDE_DIR=/usr/include/python3.12 -DPYTHON_LIBRARY=/usr/lib/x86_64-linux-gnu/libpython3.12.so -DCMAKE_INSTALL_PREFIX=/home/yushutian/ws01_plumbing/install/cpp_sub
[0.062s] -- The C compiler identification is GNU 13.3.0
[0.111s] -- The CXX compiler identification is GNU 13.3.0
[0.127s] -- Detecting C compiler ABI info
[0.200s] -- Detecting C compiler ABI info - done
[0.212s] -- Check for working C compiler: /usr/bin/cc - skipped
[0.212s] -- Detecting C compile features
[0.212s] -- Detecting C compile features - done
[0.222s] -- Detecting CXX compiler ABI info
[0.302s] -- Detecting CXX compiler ABI info - done
[0.309s] -- Check for working CXX compiler: /usr/bin/c++ - skipped
[0.309s] -- Detecting CXX compile features
[0.310s] -- Detecting CXX compile features - done
[0.311s] -- Found ament_cmake: 2.5.5 (/opt/ros/jazzy/share/ament_cmake/cmake)
[0.431s] -- Found Python3: /usr/bin/python3 (found version "3.12.3") found components: Interpreter 
[0.512s] -- Found rclcpp: 28.1.16 (/opt/ros/jazzy/share/rclcpp/cmake)
[0.540s] -- Found rosidl_generator_c: 4.6.7 (/opt/ros/jazzy/share/rosidl_generator_c/cmake)
[0.549s] -- Found rosidl_generator_cpp: 4.6.7 (/opt/ros/jazzy/share/rosidl_generator_cpp/cmake)
[0.560s] -- Using all available rosidl_typesupport_c: rosidl_typesupport_fastrtps_c;rosidl_typesupport_introspection_c
[0.572s] -- Using all available rosidl_typesupport_cpp: rosidl_typesupport_fastrtps_cpp;rosidl_typesupport_introspection_cpp
[0.636s] -- Found rmw_implementation_cmake: 7.3.3 (/opt/ros/jazzy/share/rmw_implementation_cmake/cmake)
[0.638s] -- Found rmw_fastrtps_cpp: 8.4.3 (/opt/ros/jazzy/share/rmw_fastrtps_cpp/cmake)
[0.705s] -- Found OpenSSL: /usr/lib/x86_64-linux-gnu/libcrypto.so (found version "3.0.13")  
[0.718s] -- Found FastRTPS: /opt/ros/jazzy/include (Required is at least version "2.13") 
[0.741s] -- Using RMW implementation 'rmw_fastrtps_cpp' as default
[0.793s] -- Found base_interfaces_demo: 0.0.0 (/home/yushutian/ws01_plumbing/install/base_interfaces_demo/share/base_interfaces_demo/cmake)
[0.802s] -- Found ament_lint_auto: 0.17.4 (/opt/ros/jazzy/share/ament_lint_auto/cmake)
[0.889s] -- Added test 'cppcheck' to perform static code analysis on C / C++ code
[0.889s] -- Configured cppcheck include dirs: 
[0.889s] -- Configured cppcheck exclude dirs and/or files: 
[0.890s] -- Added test 'lint_cmake' to check CMake code style
[0.891s] -- Added test 'uncrustify' to check C / C++ code style
[0.891s] -- Configured uncrustify additional arguments: 
[0.891s] -- Added test 'xmllint' to check XML markup files
[0.892s] -- Configuring done (0.9s)
[0.895s] -- Generating done (0.0s)
[0.896s] [33mCMake Warning:
[0.896s]   Manually-specified variables were not used by the project:
[0.896s] 
[0.896s]     PYTHON_EXECUTABLE
[0.896s]     PYTHON_INCLUDE_DIR
[0.896s]     PYTHON_LIBRARY
[0.896s] 
[0.896s] [0m
[0.896s] -- Build files have been written to: /home/yushutian/ws01_plumbing/build/cpp_sub
[0.903s] Invoked command in '/home/yushutian/ws01_plumbing/build/cpp_sub' returned '0': CMAKE_PREFIX_PATH=/home/yushutian/ws01_plumbing/install/base_interfaces_demo:/home/yushutian/ws01_plumbing/install/cpp01_topic:/opt/ros/jazzy/opt/gz_math_vendor:/opt/ros/jazzy/opt/gz_utils_vendor:/opt/ros/jazzy/opt/gz_cmake_vendor:/home/yushutian/ws01_plumbing/install/py01_topic:/opt/ros/jazzy DEBUGINFOD_URLS=https://debuginfod.ubuntu.com /usr/bin/cmake /home/yushutian/ws01_plumbing/cpp_sub -DPYTHON_EXECUTABLE=/usr/bin/python3 -DPYTHON_INCLUDE_DIR=/usr/include/python3.12 -DPYTHON_LIBRARY=/usr/lib/x86_64-linux-gnu/libpython3.12.so -DCMAKE_INSTALL_PREFIX=/home/yushutian/ws01_plumbing/install/cpp_sub
[0.904s] Invoking command in '/home/yushutian/ws01_plumbing/build/cpp_sub': CMAKE_PREFIX_PATH=/home/yushutian/ws01_plumbing/install/base_interfaces_demo:/home/yushutian/ws01_plumbing/install/cpp01_topic:/opt/ros/jazzy/opt/gz_math_vendor:/opt/ros/jazzy/opt/gz_utils_vendor:/opt/ros/jazzy/opt/gz_cmake_vendor:/home/yushutian/ws01_plumbing/install/py01_topic:/opt/ros/jazzy DEBUGINFOD_URLS=https://debuginfod.ubuntu.com /usr/bin/cmake --build /home/yushutian/ws01_plumbing/build/cpp_sub -- -j32 -l32
[0.939s] Invoked command in '/home/yushutian/ws01_plumbing/build/cpp_sub' returned '0': CMAKE_PREFIX_PATH=/home/yushutian/ws01_plumbing/install/base_interfaces_demo:/home/yushutian/ws01_plumbing/install/cpp01_topic:/opt/ros/jazzy/opt/gz_math_vendor:/opt/ros/jazzy/opt/gz_utils_vendor:/opt/ros/jazzy/opt/gz_cmake_vendor:/home/yushutian/ws01_plumbing/install/py01_topic:/opt/ros/jazzy DEBUGINFOD_URLS=https://debuginfod.ubuntu.com /usr/bin/cmake --build /home/yushutian/ws01_plumbing/build/cpp_sub -- -j32 -l32
[0.941s] Invoking command in '/home/yushutian/ws01_plumbing/build/cpp_sub': CMAKE_PREFIX_PATH=/home/yushutian/ws01_plumbing/install/base_interfaces_demo:/home/yushutian/ws01_plumbing/install/cpp01_topic:/opt/ros/jazzy/opt/gz_math_vendor:/opt/ros/jazzy/opt/gz_utils_vendor:/opt/ros/jazzy/opt/gz_cmake_vendor:/home/yushutian/ws01_plumbing/install/py01_topic:/opt/ros/jazzy DEBUGINFOD_URLS=https://debuginfod.ubuntu.com /usr/bin/cmake --install /home/yushutian/ws01_plumbing/build/cpp_sub
[0.946s] -- Install configuration: ""
[0.947s] -- Installing: /home/yushutian/ws01_plumbing/install/cpp_sub/share/ament_index/resource_index/package_run_dependencies/cpp_sub
[0.947s] -- Installing: /home/yushutian/ws01_plumbing/install/cpp_sub/share/ament_index/resource_index/parent_prefix_path/cpp_sub
[0.947s] -- Installing: /home/yushutian/ws01_plumbing/install/cpp_sub/share/cpp_sub/environment/ament_prefix_path.sh
[0.947s] -- Installing: /home/yushutian/ws01_plumbing/install/cpp_sub/share/cpp_sub/environment/ament_prefix_path.dsv
[0.947s] -- Installing: /home/yushutian/ws01_plumbing/install/cpp_sub/share/cpp_sub/environment/path.sh
[0.947s] -- Installing: /home/yushutian/ws01_plumbing/install/cpp_sub/share/cpp_sub/environment/path.dsv
[0.948s] -- Installing: /home/yushutian/ws01_plumbing/install/cpp_sub/share/cpp_sub/local_setup.bash
[0.948s] -- Installing: /home/yushutian/ws01_plumbing/install/cpp_sub/share/cpp_sub/local_setup.sh
[0.948s] -- Installing: /home/yushutian/ws01_plumbing/install/cpp_sub/share/cpp_sub/local_setup.zsh
[0.948s] -- Installing: /home/yushutian/ws01_plumbing/install/cpp_sub/share/cpp_sub/local_setup.dsv
[0.948s] -- Installing: /home/yushutian/ws01_plumbing/install/cpp_sub/share/cpp_sub/package.dsv
[0.948s] -- Installing: /home/yushutian/ws01_plumbing/install/cpp_sub/share/ament_index/resource_index/packages/cpp_sub
[0.949s] -- Installing: /home/yushutian/ws01_plumbing/install/cpp_sub/share/cpp_sub/cmake/cpp_subConfig.cmake
[0.949s] -- Installing: /home/yushutian/ws01_plumbing/install/cpp_sub/share/cpp_sub/cmake/cpp_subConfig-version.cmake
[0.949s] -- Installing: /home/yushutian/ws01_plumbing/install/cpp_sub/share/cpp_sub/package.xml
[0.959s] Invoked command in '/home/yushutian/ws01_plumbing/build/cpp_sub' returned '0': CMAKE_PREFIX_PATH=/home/yushutian/ws01_plumbing/install/base_interfaces_demo:/home/yushutian/ws01_plumbing/install/cpp01_topic:/opt/ros/jazzy/opt/gz_math_vendor:/opt/ros/jazzy/opt/gz_utils_vendor:/opt/ros/jazzy/opt/gz_cmake_vendor:/home/yushutian/ws01_plumbing/install/py01_topic:/opt/ros/jazzy DEBUGINFOD_URLS=https://debuginfod.ubuntu.com /usr/bin/cmake --install /home/yushutian/ws01_plumbing/build/cpp_sub
